#
# A fatal error has been detected by the Java Runtime Environment:
#
#  EXCEPTION_ACCESS_VIOLATION (0xc0000005) at pc=0x00007ffc9d1cbdf6, pid=14172, tid=18408
#
# JRE version: Java(TM) SE Runtime Environment 18.9 (11.0.8+10) (build 11.0.8+10-LTS)
# Java VM: Java HotSpot(TM) 64-Bit Server VM 18.9 (11.0.8+10-LTS, mixed mode, tiered, compressed oops, g1 gc, windows-amd64)
# Problematic frame:
# C  [glass.dll+0x1bdf6]
#
# No core dump will be written. Minidumps are not enabled by default on client versions of Windows
#
# If you would like to submit a bug report, please visit:
#   https://bugreport.java.com/bugreport/crash.jsp
# The crash happened outside the Java Virtual Machine in native code.
# See problematic frame for where to report the bug.
#

---------------  S U M M A R Y ------------

Command Line: -javaagent:D:\programs\JetBrains IntelliJ IDEA 2022.2.1 Windows\IntelliJ IDEA 2022.2.1\lib\idea_rt.jar=8040:D:\programs\JetBrains IntelliJ IDEA 2022.2.1 Windows\IntelliJ IDEA 2022.2.1\bin -Dfile.encoding=UTF-8 --module-path=C:\Users\Lotus\.m2\repository\org\openjfx\javafx-media\16\javafx-media-16-win.jar;C:\Users\Lotus\.m2\repository\com\google\code\gson\gson\2.10.1\gson-2.10.1.jar;C:\Users\Lotus\.m2\repository\org\openjfx\javafx-fxml\17.0.2\javafx-fxml-17.0.2-win.jar;D:\IntelliJ\APPafinal\target\classes;C:\Users\Lotus\.m2\repository\org\openjfx\javafx-graphics\17.0.2\javafx-graphics-17.0.2-win.jar;C:\Users\Lotus\.m2\repository\org\openjfx\javafx-controls\17.0.2\javafx-controls-17.0.2-win.jar;C:\Users\Lotus\.m2\repository\com\googlecode\json-simple\json-simple\1.1\json-simple-1.1.jar;C:\Users\Lotus\.m2\repository\org\openjfx\javafx-base\17.0.2\javafx-base-17.0.2-win.jar -Djdk.module.main=APP APP/view.LoginMenu

Host: Intel(R) Core(TM) i7-9750H CPU @ 2.60GHz, 12 cores, 23G,  Windows 10 , 64 bit Build 19041 (10.0.19041.1503)
Time: Wed Jul  5 00:04:08 2023 Iran Summer Time elapsed time: 34 seconds (0d 0h 0m 34s)

---------------  T H R E A D  ---------------

Current thread (0x0000029e6f622800):  JavaThread "JavaFX Application Thread" [_thread_in_native, id=18408, stack(0x000000f78f200000,0x000000f78f300000)]

Stack: [0x000000f78f200000,0x000000f78f300000],  sp=0x000000f78f2fc5e0,  free space=1009k
Native frames: (J=compiled Java code, j=interpreted, Vv=VM code, C=native code)
C  [glass.dll+0x1bdf6]

Java frames: (J=compiled Java code, j=interpreted, Vv=VM code)
j  com.sun.glass.ui.win.WinWindow._close(J)Z+0 javafx.graphics
j  com.sun.glass.ui.Window.close()V+63 javafx.graphics
j  com.sun.glass.ui.win.WinWindow.close()V+8 javafx.graphics
j  com.sun.glass.ui.Application.terminate()V+75 javafx.graphics
j  com.sun.javafx.tk.quantum.QuantumToolkit.lambda$exit$13()Ljava/lang/Object;+5 javafx.graphics
j  com.sun.javafx.tk.quantum.QuantumToolkit$$Lambda$519.get()Ljava/lang/Object;+0 javafx.graphics
j  com.sun.javafx.tk.quantum.QuantumToolkit.runWithRenderLock(Ljava/util/function/Supplier;)Ljava/lang/Object;+7 javafx.graphics
j  com.sun.javafx.tk.quantum.QuantumToolkit.exit()V+26 javafx.graphics
j  com.sun.javafx.application.PlatformImpl.lambda$tkExit$16()V+3 javafx.graphics
j  com.sun.javafx.application.PlatformImpl$$Lambda$518.run()V+0 javafx.graphics
j  com.sun.javafx.application.PlatformImpl.lambda$runAndWait$12(Ljava/lang/Runnable;Ljava/util/concurrent/CountDownLatch;)V+1 javafx.graphics
j  com.sun.javafx.application.PlatformImpl$$Lambda$115.run()V+8 javafx.graphics
j  com.sun.javafx.application.PlatformImpl.lambda$runLater$10(Ljava/lang/Runnable;)Ljava/lang/Void;+1 javafx.graphics
j  com.sun.javafx.application.PlatformImpl$$Lambda$117.run()Ljava/lang/Object;+4 javafx.graphics
v  ~StubRoutines::call_stub
J 2984  java.security.AccessController.doPrivileged(Ljava/security/PrivilegedAction;Ljava/security/AccessControlContext;)Ljava/lang/Object; java.base@11.0.8 (0 bytes) @ 0x0000029e54fbbe36 [0x0000029e54fbbdc0+0x0000000000000076]
j  com.sun.javafx.application.PlatformImpl.lambda$runLater$11(Ljava/lang/Runnable;Ljava/security/AccessControlContext;)V+7 javafx.graphics
j  com.sun.javafx.application.PlatformImpl$$Lambda$116.run()V+8 javafx.graphics
J 3748 c1 com.sun.glass.ui.InvokeLaterDispatcher$Future.run()V javafx.graphics (91 bytes) @ 0x0000029e4e0e0414 [0x0000029e4e0e0300+0x0000000000000114]
v  ~StubRoutines::call_stub
j  com.sun.glass.ui.win.WinApplication._runLoop(Ljava/lang/Runnable;)V+0 javafx.graphics
j  com.sun.glass.ui.win.WinApplication.lambda$runLoop$3(ILjava/lang/Runnable;)V+8 javafx.graphics
j  com.sun.glass.ui.win.WinApplication$$Lambda$101.run()V+12 javafx.graphics
j  java.lang.Thread.run()V+11 java.base@11.0.8
v  ~StubRoutines::call_stub

siginfo: EXCEPTION_ACCESS_VIOLATION (0xc0000005), reading address 0x0000000000000130


Register to memory mapping:

RIP=0x00007ffc9d1cbdf6 glass.dll
RAX=0x0 is NULL
RBX=0x0 is NULL
RCX=0x0 is NULL
RDX=0x0 is NULL
RSP=0x000000f78f2fc5e0 is pointing into the stack for thread: 0x0000029e6f622800
RBP=0x0 is NULL
RSI=0x0000000000000401 is an unknown value
RDI=0x000000f78f2fc940 is pointing into the stack for thread: 0x0000029e6f622800
R8 =0x000000f78f2fc940 is pointing into the stack for thread: 0x0000029e6f622800
R9 =0x0 is NULL
R10=0x0 is NULL
R11=0x0000000000000246 is an unknown value
R12=0x0 is NULL
R13=0x0000000000000401 is an unknown value
R14=0x0 is NULL
R15=0x0 is NULL


Registers:
RAX=0x0000000000000000, RBX=0x0000000000000000, RCX=0x0000000000000000, RDX=0x0000000000000000
RSP=0x000000f78f2fc5e0, RBP=0x0000000000000000, RSI=0x0000000000000401, RDI=0x000000f78f2fc940
R8 =0x000000f78f2fc940, R9 =0x0000000000000000, R10=0x0000000000000000, R11=0x0000000000000246
R12=0x0000000000000000, R13=0x0000000000000401, R14=0x0000000000000000, R15=0x0000000000000000
RIP=0x00007ffc9d1cbdf6, EFLAGS=0x0000000000010202

Top of Stack: (sp=0x000000f78f2fc5e0)
0x000000f78f2fc5e0:   0000000000000578 000000f78f2fc5f0
0x000000f78f2fc5f0:   0000000000180016 00007ffc9d1d75c0
0x000000f78f2fc600:   000000f78f2fc940 00007ffc9d1ca871
0x000000f78f2fc610:   000000f78f2fc940 0000000000000401
0x000000f78f2fc620:   00007ffc9d1d75c0 0000029e43cc65c0
0x000000f78f2fc630:   0000029e6f692ad0 00007ffc9d1ba395
0x000000f78f2fc640:   000000f78f2fc940 0000000000000001
0x000000f78f2fc650:   000000000000c140 0000000080000022
0x000000f78f2fc660:   0000000000000000 00007ffc9d1b17bb
0x000000f78f2fc670:   0000029e6f692ad0 000000f78f2fc940
0x000000f78f2fc680:   0000000000000401 00000000009e0294
0x000000f78f2fc690:   0000000000000000 00007ffd014fe858
0x000000f78f2fc6a0:   0000000000000001 000000f78f2fc890
0x000000f78f2fc6b0:   0000000000000000 0000000080000022
0x000000f78f2fc6c0:   0000029e6f622800 00000000000000b6
0x000000f78f2fc6d0:   00007ffca8a04910 0000029e6e9259a8 

Instructions: (pc=0x00007ffc9d1cbdf6)
0x00007ffc9d1cbdd6:   e6 37 00 00 48 8b c8 e8 fe 36 00 00 48 8b 5c 24
0x00007ffc9d1cbde6:   40 48 83 c4 30 5f c3 cc cc cc 40 57 48 83 ec 20
0x00007ffc9d1cbdf6:   48 8b 81 30 01 00 00 48 8b f9 48 85 c0 75 04 48
0x00007ffc9d1cbe06:   8b 41 08 48 3b 05 20 e0 01 00 75 3b 48 89 5c 24 


Stack slot to memory mapping:
stack at sp + 0 slots: 0x0000000000000578 is an unknown value
stack at sp + 1 slots: 0x000000f78f2fc5f0 is pointing into the stack for thread: 0x0000029e6f622800
stack at sp + 2 slots: 0x0000000000180016 is an unknown value
stack at sp + 3 slots: 0x00007ffc9d1d75c0 glass.dll
stack at sp + 4 slots: 0x000000f78f2fc940 is pointing into the stack for thread: 0x0000029e6f622800
stack at sp + 5 slots: 0x00007ffc9d1ca871 glass.dll
stack at sp + 6 slots: 0x000000f78f2fc940 is pointing into the stack for thread: 0x0000029e6f622800
stack at sp + 7 slots: 0x0000000000000401 is an unknown value


---------------  P R O C E S S  ---------------

Threads class SMR info:
_java_thread_list=0x0000029e6fd03c20, length=20, elements={
0x0000029e437ba800, 0x0000029e6ea35800, 0x0000029e6ea36000, 0x0000029e6eab2800,
0x0000029e6eab3800, 0x0000029e6eab6000, 0x0000029e6eac5000, 0x0000029e6eac9800,
0x0000029e6e112000, 0x0000029e6f311800, 0x0000029e6eff3800, 0x0000029e6f4b4000,
0x0000029e6f8ce800, 0x0000029e6f622800, 0x0000029e6fe61800, 0x0000029e6fd4c800,
0x0000029e779fd800, 0x0000029e6f7c4000, 0x0000029e76705800, 0x0000029e6efff000
}

Java Threads: ( => current thread )
  0x0000029e437ba800 JavaThread "main" [_thread_blocked, id=16472, stack(0x000000f78dc00000,0x000000f78dd00000)]
  0x0000029e6ea35800 JavaThread "Reference Handler" daemon [_thread_blocked, id=19520, stack(0x000000f78e300000,0x000000f78e400000)]
  0x0000029e6ea36000 JavaThread "Finalizer" daemon [_thread_blocked, id=19616, stack(0x000000f78e400000,0x000000f78e500000)]
  0x0000029e6eab2800 JavaThread "Signal Dispatcher" daemon [_thread_blocked, id=6520, stack(0x000000f78e500000,0x000000f78e600000)]
  0x0000029e6eab3800 JavaThread "Attach Listener" daemon [_thread_blocked, id=15332, stack(0x000000f78e600000,0x000000f78e700000)]
  0x0000029e6eab6000 JavaThread "C2 CompilerThread0" daemon [_thread_blocked, id=15768, stack(0x000000f78e700000,0x000000f78e800000)]
  0x0000029e6eac5000 JavaThread "C1 CompilerThread0" daemon [_thread_blocked, id=2832, stack(0x000000f78e800000,0x000000f78e900000)]
  0x0000029e6eac9800 JavaThread "Sweeper thread" daemon [_thread_blocked, id=13824, stack(0x000000f78e900000,0x000000f78ea00000)]
  0x0000029e6e112000 JavaThread "Common-Cleaner" daemon [_thread_blocked, id=9148, stack(0x000000f78ea00000,0x000000f78eb00000)]
  0x0000029e6f311800 JavaThread "Monitor Ctrl-Break" daemon [_thread_in_native, id=14724, stack(0x000000f78ed00000,0x000000f78ee00000)]
  0x0000029e6eff3800 JavaThread "Service Thread" daemon [_thread_blocked, id=6512, stack(0x000000f78ee00000,0x000000f78ef00000)]
  0x0000029e6f4b4000 JavaThread "QuantumRenderer-0" daemon [_thread_blocked, id=17448, stack(0x000000f78f000000,0x000000f78f100000)]
  0x0000029e6f8ce800 JavaThread "InvokeLaterDispatcher" daemon [_thread_blocked, id=19208, stack(0x000000f78f100000,0x000000f78f200000)]
=>0x0000029e6f622800 JavaThread "JavaFX Application Thread" [_thread_in_native, id=18408, stack(0x000000f78f200000,0x000000f78f300000)]
  0x0000029e6fe61800 JavaThread "Thread-1" daemon [_thread_in_native, id=10816, stack(0x000000f78f600000,0x000000f78f700000)]
  0x0000029e6fd4c800 JavaThread "JavaFX-Launcher" [_thread_blocked, id=5372, stack(0x000000f78f700000,0x000000f78f800000)]
  0x0000029e779fd800 JavaThread "Prism Font Disposer" daemon [_thread_blocked, id=7932, stack(0x000000f790300000,0x000000f790400000)]
  0x0000029e6f7c4000 JavaThread "Cleaner-0" daemon [_thread_blocked, id=18820, stack(0x000000f78ec00000,0x000000f78ed00000)]
  0x0000029e76705800 JavaThread "Java2D Disposer" daemon [_thread_blocked, id=16456, stack(0x000000f790c00000,0x000000f790d00000)]
  0x0000029e6efff000 JavaThread "AWT-Windows" daemon [_thread_in_native, id=11452, stack(0x000000f790e00000,0x000000f790f00000)]

Other Threads:
  0x0000029e6ea33800 VMThread "VM Thread" [stack: 0x000000f78e200000,0x000000f78e300000] [id=6816]
  0x0000029e6f20e800 WatcherThread [stack: 0x000000f78ef00000,0x000000f78f000000] [id=11440]
  0x0000029e437d0800 GCTaskThread "GC Thread#0" [stack: 0x000000f78dd00000,0x000000f78de00000] [id=2820]
  0x0000029e6f978800 GCTaskThread "GC Thread#1" [stack: 0x000000f78f800000,0x000000f78f900000] [id=15588]
  0x0000029e6f7c0800 GCTaskThread "GC Thread#2" [stack: 0x000000f78f900000,0x000000f78fa00000] [id=10600]
  0x0000029e6f7c1800 GCTaskThread "GC Thread#3" [stack: 0x000000f78fa00000,0x000000f78fb00000] [id=4856]
  0x0000029e6fe5b000 GCTaskThread "GC Thread#4" [stack: 0x000000f78fb00000,0x000000f78fc00000] [id=15424]
  0x0000029e6fd76800 GCTaskThread "GC Thread#5" [stack: 0x000000f78fc00000,0x000000f78fd00000] [id=20100]
  0x0000029e6fd77800 GCTaskThread "GC Thread#6" [stack: 0x000000f78fd00000,0x000000f78fe00000] [id=18732]
  0x0000029e6f7fa000 GCTaskThread "GC Thread#7" [stack: 0x000000f78fe00000,0x000000f78ff00000] [id=3908]
  0x0000029e6f7fa800 GCTaskThread "GC Thread#8" [stack: 0x000000f78ff00000,0x000000f790000000] [id=3392]
  0x0000029e43858800 ConcurrentGCThread "G1 Main Marker" [stack: 0x000000f78de00000,0x000000f78df00000] [id=17808]
  0x0000029e43859800 ConcurrentGCThread "G1 Conc#0" [stack: 0x000000f78df00000,0x000000f78e000000] [id=18304]
  0x0000029e778db000 ConcurrentGCThread "G1 Conc#1" [stack: 0x000000f790400000,0x000000f790500000] [id=19560]
  0x0000029e778db800 ConcurrentGCThread "G1 Conc#2" [stack: 0x000000f790500000,0x000000f790600000] [id=16020]
  0x0000029e6e096000 ConcurrentGCThread "G1 Refine#0" [stack: 0x000000f78e000000,0x000000f78e100000] [id=16168]
  0x0000029e778ba000 ConcurrentGCThread "G1 Refine#1" [stack: 0x000000f78eb00000,0x000000f78ec00000] [id=16728]
  0x0000029e702f1000 ConcurrentGCThread "G1 Refine#2" [stack: 0x000000f790600000,0x000000f790700000] [id=15096]
  0x0000029e75b06000 ConcurrentGCThread "G1 Refine#3" [stack: 0x000000f790700000,0x000000f790800000] [id=11228]
  0x0000029e77862800 ConcurrentGCThread "G1 Refine#4" [stack: 0x000000f790800000,0x000000f790900000] [id=6556]
  0x0000029e77863000 ConcurrentGCThread "G1 Refine#5" [stack: 0x000000f790900000,0x000000f790a00000] [id=16196]
  0x0000029e77864000 ConcurrentGCThread "G1 Refine#6" [stack: 0x000000f790a00000,0x000000f790b00000] [id=17308]
  0x0000029e77864800 ConcurrentGCThread "G1 Refine#7" [stack: 0x000000f790b00000,0x000000f790c00000] [id=8792]
  0x0000029e6e098000 ConcurrentGCThread "G1 Young RemSet Sampling" [stack: 0x000000f78e100000,0x000000f78e200000] [id=20452]

Threads with active compile tasks:

VM state:not at safepoint (normal execution)

VM Mutex/Monitor currently owned by a thread: None

Heap address: 0x0000000682600000, size: 6106 MB, Compressed Oops mode: Zero based, Oop shift amount: 3
Narrow klass base: 0x0000000800000000, Narrow klass shift: 0
Compressed class space size: 1073741824 Address: 0x0000000800000000

Heap:
 garbage-first heap   total 391168K, used 41770K [0x0000000682600000, 0x0000000800000000)
  region size 1024K, 17 young (17408K), 7 survivors (7168K)
 Metaspace       used 29312K, capacity 30278K, committed 30460K, reserved 1075200K
  class space    used 3623K, capacity 4053K, committed 4092K, reserved 1048576K
Heap Regions: E=young(eden), S=young(survivor), O=old, HS=humongous(starts), HC=humongous(continues), CS=collection set, F=free, A=archive, TAMS=top-at-mark-start (previous, next)
|   0|0x0000000682600000, 0x0000000682700000, 0x0000000682700000|100%| O|  |TAMS 0x0000000682689200, 0x0000000682600000| Untracked 
|   1|0x0000000682700000, 0x0000000682800000, 0x0000000682800000|100%|HS|  |TAMS 0x0000000682800000, 0x0000000682700000| Complete 
|   2|0x0000000682800000, 0x0000000682900000, 0x0000000682900000|100%|HC|  |TAMS 0x0000000682900000, 0x0000000682800000| Complete 
|   3|0x0000000682900000, 0x0000000682900000, 0x0000000682a00000|  0%| F|  |TAMS 0x0000000682900000, 0x0000000682900000| Untracked 
|   4|0x0000000682a00000, 0x0000000682a00000, 0x0000000682b00000|  0%| F|  |TAMS 0x0000000682a00000, 0x0000000682a00000| Untracked 
|   5|0x0000000682b00000, 0x0000000682c00000, 0x0000000682c00000|100%|HS|  |TAMS 0x0000000682b00000, 0x0000000682b00000| Complete 
|   6|0x0000000682c00000, 0x0000000682d00000, 0x0000000682d00000|100%|HC|  |TAMS 0x0000000682c00000, 0x0000000682c00000| Complete 
|   7|0x0000000682d00000, 0x0000000682e00000, 0x0000000682e00000|100%|HC|  |TAMS 0x0000000682d00000, 0x0000000682d00000| Complete 
|   8|0x0000000682e00000, 0x0000000682f00000, 0x0000000682f00000|100%|HS|  |TAMS 0x0000000682e00000, 0x0000000682e00000| Complete 
|   9|0x0000000682f00000, 0x0000000683000000, 0x0000000683000000|100%|HC|  |TAMS 0x0000000682f00000, 0x0000000682f00000| Complete 
|  10|0x0000000683000000, 0x0000000683000000, 0x0000000683100000|  0%| F|  |TAMS 0x0000000683000000, 0x0000000683000000| Untracked 
|  11|0x0000000683100000, 0x0000000683100000, 0x0000000683200000|  0%| F|  |TAMS 0x0000000683100000, 0x0000000683100000| Untracked 
|  12|0x0000000683200000, 0x0000000683200000, 0x0000000683300000|  0%| F|  |TAMS 0x0000000683200000, 0x0000000683200000| Untracked 
|  13|0x0000000683300000, 0x0000000683400000, 0x0000000683400000|100%|HS|  |TAMS 0x0000000683300000, 0x0000000683300000| Complete 
|  14|0x0000000683400000, 0x0000000683500000, 0x0000000683500000|100%|HC|  |TAMS 0x0000000683400000, 0x0000000683400000| Complete 
|  15|0x0000000683500000, 0x0000000683600000, 0x0000000683600000|100%|HS|  |TAMS 0x0000000683500000, 0x0000000683500000| Complete 
|  16|0x0000000683600000, 0x0000000683700000, 0x0000000683700000|100%|HC|  |TAMS 0x0000000683600000, 0x0000000683600000| Complete 
|  17|0x0000000683700000, 0x0000000683800000, 0x0000000683800000|100%| O|  |TAMS 0x0000000683700000, 0x0000000683700000| Untracked 
|  18|0x0000000683800000, 0x0000000683900000, 0x0000000683900000|100%| O|  |TAMS 0x0000000683800000, 0x0000000683800000| Untracked 
|  19|0x0000000683900000, 0x0000000683a00000, 0x0000000683a00000|100%| O|  |TAMS 0x0000000683900000, 0x0000000683900000| Untracked 
|  20|0x0000000683a00000, 0x0000000683b00000, 0x0000000683b00000|100%| O|  |TAMS 0x0000000683a00000, 0x0000000683a00000| Untracked 
|  21|0x0000000683b00000, 0x0000000683c00000, 0x0000000683c00000|100%| O|  |TAMS 0x0000000683b00000, 0x0000000683b00000| Untracked 
|  22|0x0000000683c00000, 0x0000000683d00000, 0x0000000683d00000|100%| O|  |TAMS 0x0000000683c00000, 0x0000000683c00000| Untracked 
|  23|0x0000000683d00000, 0x0000000683e00000, 0x0000000683e00000|100%| O|  |TAMS 0x0000000683d00000, 0x0000000683d00000| Untracked 
|  24|0x0000000683e00000, 0x0000000683f00000, 0x0000000683f00000|100%| O|  |TAMS 0x0000000683e00000, 0x0000000683e00000| Untracked 
|  25|0x0000000683f00000, 0x0000000684000000, 0x0000000684000000|100%| O|  |TAMS 0x0000000683f00000, 0x0000000683f00000| Untracked 
|  26|0x0000000684000000, 0x0000000684100000, 0x0000000684100000|100%| O|  |TAMS 0x0000000684000000, 0x0000000684000000| Untracked 
|  27|0x0000000684100000, 0x0000000684200000, 0x0000000684200000|100%| O|  |TAMS 0x0000000684100000, 0x0000000684100000| Untracked 
|  28|0x0000000684200000, 0x0000000684300000, 0x0000000684300000|100%| O|  |TAMS 0x0000000684200000, 0x0000000684200000| Untracked 
|  29|0x0000000684300000, 0x00000006843caa00, 0x0000000684400000| 79%| O|  |TAMS 0x0000000684300000, 0x0000000684300000| Untracked 
|  30|0x0000000684400000, 0x0000000684400000, 0x0000000684500000|  0%| F|  |TAMS 0x0000000684400000, 0x0000000684400000| Untracked 
|  31|0x0000000684500000, 0x0000000684500000, 0x0000000684600000|  0%| F|  |TAMS 0x0000000684500000, 0x0000000684500000| Untracked 
|  32|0x0000000684600000, 0x0000000684600000, 0x0000000684700000|  0%| F|  |TAMS 0x0000000684600000, 0x0000000684600000| Untracked 
|  33|0x0000000684700000, 0x0000000684700000, 0x0000000684800000|  0%| F|  |TAMS 0x0000000684700000, 0x0000000684700000| Untracked 
|  34|0x0000000684800000, 0x0000000684800000, 0x0000000684900000|  0%| F|  |TAMS 0x0000000684800000, 0x0000000684800000| Untracked 
|  35|0x0000000684900000, 0x0000000684900000, 0x0000000684a00000|  0%| F|  |TAMS 0x0000000684900000, 0x0000000684900000| Untracked 
|  36|0x0000000684a00000, 0x0000000684a00000, 0x0000000684b00000|  0%| F|  |TAMS 0x0000000684a00000, 0x0000000684a00000| Untracked 
|  37|0x0000000684b00000, 0x0000000684b00000, 0x0000000684c00000|  0%| F|  |TAMS 0x0000000684b00000, 0x0000000684b00000| Untracked 
|  38|0x0000000684c00000, 0x0000000684c00000, 0x0000000684d00000|  0%| F|  |TAMS 0x0000000684c00000, 0x0000000684c00000| Untracked 
|  39|0x0000000684d00000, 0x0000000684d00000, 0x0000000684e00000|  0%| F|  |TAMS 0x0000000684d00000, 0x0000000684d00000| Untracked 
|  40|0x0000000684e00000, 0x0000000684e00000, 0x0000000684f00000|  0%| F|  |TAMS 0x0000000684e00000, 0x0000000684e00000| Untracked 
|  41|0x0000000684f00000, 0x0000000684f00000, 0x0000000685000000|  0%| F|  |TAMS 0x0000000684f00000, 0x0000000684f00000| Untracked 
|  42|0x0000000685000000, 0x0000000685000000, 0x0000000685100000|  0%| F|  |TAMS 0x0000000685000000, 0x0000000685000000| Untracked 
|  43|0x0000000685100000, 0x0000000685100000, 0x0000000685200000|  0%| F|  |TAMS 0x0000000685100000, 0x0000000685100000| Untracked 
|  44|0x0000000685200000, 0x0000000685200000, 0x0000000685300000|  0%| F|  |TAMS 0x0000000685200000, 0x0000000685200000| Untracked 
|  45|0x0000000685300000, 0x0000000685300000, 0x0000000685400000|  0%| F|  |TAMS 0x0000000685300000, 0x0000000685300000| Untracked 
|  46|0x0000000685400000, 0x0000000685400000, 0x0000000685500000|  0%| F|  |TAMS 0x0000000685400000, 0x0000000685400000| Untracked 
|  47|0x0000000685500000, 0x0000000685500000, 0x0000000685600000|  0%| F|  |TAMS 0x0000000685500000, 0x0000000685500000| Untracked 
|  48|0x0000000685600000, 0x0000000685600000, 0x0000000685700000|  0%| F|  |TAMS 0x0000000685600000, 0x0000000685600000| Untracked 
|  49|0x0000000685700000, 0x0000000685700000, 0x0000000685800000|  0%| F|  |TAMS 0x0000000685700000, 0x0000000685700000| Untracked 
|  50|0x0000000685800000, 0x0000000685800000, 0x0000000685900000|  0%| F|  |TAMS 0x0000000685800000, 0x0000000685800000| Untracked 
|  51|0x0000000685900000, 0x0000000685900000, 0x0000000685a00000|  0%| F|  |TAMS 0x0000000685900000, 0x0000000685900000| Untracked 
|  52|0x0000000685a00000, 0x0000000685a00000, 0x0000000685b00000|  0%| F|  |TAMS 0x0000000685a00000, 0x0000000685a00000| Untracked 
|  53|0x0000000685b00000, 0x0000000685b00000, 0x0000000685c00000|  0%| F|  |TAMS 0x0000000685b00000, 0x0000000685b00000| Untracked 
|  54|0x0000000685c00000, 0x0000000685c00000, 0x0000000685d00000|  0%| F|  |TAMS 0x0000000685c00000, 0x0000000685c00000| Untracked 
|  55|0x0000000685d00000, 0x0000000685d00000, 0x0000000685e00000|  0%| F|  |TAMS 0x0000000685d00000, 0x0000000685d00000| Untracked 
|  56|0x0000000685e00000, 0x0000000685e00000, 0x0000000685f00000|  0%| F|  |TAMS 0x0000000685e00000, 0x0000000685e00000| Untracked 
|  57|0x0000000685f00000, 0x0000000685f00000, 0x0000000686000000|  0%| F|  |TAMS 0x0000000685f00000, 0x0000000685f00000| Untracked 
|  58|0x0000000686000000, 0x0000000686000000, 0x0000000686100000|  0%| F|  |TAMS 0x0000000686000000, 0x0000000686000000| Untracked 
|  59|0x0000000686100000, 0x0000000686100000, 0x0000000686200000|  0%| F|  |TAMS 0x0000000686100000, 0x0000000686100000| Untracked 
|  60|0x0000000686200000, 0x0000000686200000, 0x0000000686300000|  0%| F|  |TAMS 0x0000000686200000, 0x0000000686200000| Untracked 
|  61|0x0000000686300000, 0x0000000686300000, 0x0000000686400000|  0%| F|  |TAMS 0x0000000686300000, 0x0000000686300000| Untracked 
|  62|0x0000000686400000, 0x0000000686400000, 0x0000000686500000|  0%| F|  |TAMS 0x0000000686400000, 0x0000000686400000| Untracked 
|  63|0x0000000686500000, 0x0000000686500000, 0x0000000686600000|  0%| F|  |TAMS 0x0000000686500000, 0x0000000686500000| Untracked 
|  64|0x0000000686600000, 0x0000000686600000, 0x0000000686700000|  0%| F|  |TAMS 0x0000000686600000, 0x0000000686600000| Untracked 
|  65|0x0000000686700000, 0x0000000686700000, 0x0000000686800000|  0%| F|  |TAMS 0x0000000686700000, 0x0000000686700000| Untracked 
|  66|0x0000000686800000, 0x0000000686800000, 0x0000000686900000|  0%| F|  |TAMS 0x0000000686800000, 0x0000000686800000| Untracked 
|  67|0x0000000686900000, 0x0000000686900000, 0x0000000686a00000|  0%| F|  |TAMS 0x0000000686900000, 0x0000000686900000| Untracked 
|  68|0x0000000686a00000, 0x0000000686a00000, 0x0000000686b00000|  0%| F|  |TAMS 0x0000000686a00000, 0x0000000686a00000| Untracked 
|  69|0x0000000686b00000, 0x0000000686b00000, 0x0000000686c00000|  0%| F|  |TAMS 0x0000000686b00000, 0x0000000686b00000| Untracked 
|  70|0x0000000686c00000, 0x0000000686c00000, 0x0000000686d00000|  0%| F|  |TAMS 0x0000000686c00000, 0x0000000686c00000| Untracked 
|  71|0x0000000686d00000, 0x0000000686d00000, 0x0000000686e00000|  0%| F|  |TAMS 0x0000000686d00000, 0x0000000686d00000| Untracked 
|  72|0x0000000686e00000, 0x0000000686e00000, 0x0000000686f00000|  0%| F|  |TAMS 0x0000000686e00000, 0x0000000686e00000| Untracked 
|  73|0x0000000686f00000, 0x0000000686f00000, 0x0000000687000000|  0%| F|  |TAMS 0x0000000686f00000, 0x0000000686f00000| Untracked 
|  74|0x0000000687000000, 0x0000000687000000, 0x0000000687100000|  0%| F|  |TAMS 0x0000000687000000, 0x0000000687000000| Untracked 
|  75|0x0000000687100000, 0x0000000687100000, 0x0000000687200000|  0%| F|  |TAMS 0x0000000687100000, 0x0000000687100000| Untracked 
|  76|0x0000000687200000, 0x0000000687200000, 0x0000000687300000|  0%| F|  |TAMS 0x0000000687200000, 0x0000000687200000| Untracked 
|  77|0x0000000687300000, 0x0000000687300000, 0x0000000687400000|  0%| F|  |TAMS 0x0000000687300000, 0x0000000687300000| Untracked 
|  78|0x0000000687400000, 0x0000000687400000, 0x0000000687500000|  0%| F|  |TAMS 0x0000000687400000, 0x0000000687400000| Untracked 
|  79|0x0000000687500000, 0x0000000687500000, 0x0000000687600000|  0%| F|  |TAMS 0x0000000687500000, 0x0000000687500000| Untracked 
|  80|0x0000000687600000, 0x0000000687600000, 0x0000000687700000|  0%| F|  |TAMS 0x0000000687600000, 0x0000000687600000| Untracked 
|  81|0x0000000687700000, 0x0000000687700000, 0x0000000687800000|  0%| F|  |TAMS 0x0000000687700000, 0x0000000687700000| Untracked 
|  82|0x0000000687800000, 0x0000000687800000, 0x0000000687900000|  0%| F|  |TAMS 0x0000000687800000, 0x0000000687800000| Untracked 
|  83|0x0000000687900000, 0x0000000687900000, 0x0000000687a00000|  0%| F|  |TAMS 0x0000000687900000, 0x0000000687900000| Untracked 
|  84|0x0000000687a00000, 0x0000000687a00000, 0x0000000687b00000|  0%| F|  |TAMS 0x0000000687a00000, 0x0000000687a00000| Untracked 
|  85|0x0000000687b00000, 0x0000000687b00000, 0x0000000687c00000|  0%| F|  |TAMS 0x0000000687b00000, 0x0000000687b00000| Untracked 
|  86|0x0000000687c00000, 0x0000000687c00000, 0x0000000687d00000|  0%| F|  |TAMS 0x0000000687c00000, 0x0000000687c00000| Untracked 
|  87|0x0000000687d00000, 0x0000000687d00000, 0x0000000687e00000|  0%| F|  |TAMS 0x0000000687d00000, 0x0000000687d00000| Untracked 
|  88|0x0000000687e00000, 0x0000000687e00000, 0x0000000687f00000|  0%| F|  |TAMS 0x0000000687e00000, 0x0000000687e00000| Untracked 
|  89|0x0000000687f00000, 0x0000000687f00000, 0x0000000688000000|  0%| F|  |TAMS 0x0000000687f00000, 0x0000000687f00000| Untracked 
|  90|0x0000000688000000, 0x0000000688000000, 0x0000000688100000|  0%| F|  |TAMS 0x0000000688000000, 0x0000000688000000| Untracked 
|  91|0x0000000688100000, 0x0000000688100000, 0x0000000688200000|  0%| F|  |TAMS 0x0000000688100000, 0x0000000688100000| Untracked 
|  92|0x0000000688200000, 0x0000000688200000, 0x0000000688300000|  0%| F|  |TAMS 0x0000000688200000, 0x0000000688200000| Untracked 
|  93|0x0000000688300000, 0x0000000688300000, 0x0000000688400000|  0%| F|  |TAMS 0x0000000688300000, 0x0000000688300000| Untracked 
|  94|0x0000000688400000, 0x0000000688400000, 0x0000000688500000|  0%| F|  |TAMS 0x0000000688400000, 0x0000000688400000| Untracked 
|  95|0x0000000688500000, 0x0000000688500000, 0x0000000688600000|  0%| F|  |TAMS 0x0000000688500000, 0x0000000688500000| Untracked 
|  96|0x0000000688600000, 0x0000000688600000, 0x0000000688700000|  0%| F|  |TAMS 0x0000000688600000, 0x0000000688600000| Untracked 
|  97|0x0000000688700000, 0x0000000688700000, 0x0000000688800000|  0%| F|  |TAMS 0x0000000688700000, 0x0000000688700000| Untracked 
|  98|0x0000000688800000, 0x0000000688800000, 0x0000000688900000|  0%| F|  |TAMS 0x0000000688800000, 0x0000000688800000| Untracked 
|  99|0x0000000688900000, 0x0000000688900000, 0x0000000688a00000|  0%| F|  |TAMS 0x0000000688900000, 0x0000000688900000| Untracked 
| 100|0x0000000688a00000, 0x0000000688a00000, 0x0000000688b00000|  0%| F|  |TAMS 0x0000000688a00000, 0x0000000688a00000| Untracked 
| 101|0x0000000688b00000, 0x0000000688b00000, 0x0000000688c00000|  0%| F|  |TAMS 0x0000000688b00000, 0x0000000688b00000| Untracked 
| 102|0x0000000688c00000, 0x0000000688c00000, 0x0000000688d00000|  0%| F|  |TAMS 0x0000000688c00000, 0x0000000688c00000| Untracked 
| 103|0x0000000688d00000, 0x0000000688d00000, 0x0000000688e00000|  0%| F|  |TAMS 0x0000000688d00000, 0x0000000688d00000| Untracked 
| 104|0x0000000688e00000, 0x0000000688e00000, 0x0000000688f00000|  0%| F|  |TAMS 0x0000000688e00000, 0x0000000688e00000| Untracked 
| 105|0x0000000688f00000, 0x0000000688f00000, 0x0000000689000000|  0%| F|  |TAMS 0x0000000688f00000, 0x0000000688f00000| Untracked 
| 106|0x0000000689000000, 0x0000000689000000, 0x0000000689100000|  0%| F|  |TAMS 0x0000000689000000, 0x0000000689000000| Untracked 
| 107|0x0000000689100000, 0x0000000689100000, 0x0000000689200000|  0%| F|  |TAMS 0x0000000689100000, 0x0000000689100000| Untracked 
| 108|0x0000000689200000, 0x0000000689200000, 0x0000000689300000|  0%| F|  |TAMS 0x0000000689200000, 0x0000000689200000| Untracked 
| 109|0x0000000689300000, 0x0000000689300000, 0x0000000689400000|  0%| F|  |TAMS 0x0000000689300000, 0x0000000689300000| Untracked 
| 110|0x0000000689400000, 0x0000000689400000, 0x0000000689500000|  0%| F|  |TAMS 0x0000000689400000, 0x0000000689400000| Untracked 
| 111|0x0000000689500000, 0x0000000689500000, 0x0000000689600000|  0%| F|  |TAMS 0x0000000689500000, 0x0000000689500000| Untracked 
| 112|0x0000000689600000, 0x0000000689600000, 0x0000000689700000|  0%| F|  |TAMS 0x0000000689600000, 0x0000000689600000| Untracked 
| 113|0x0000000689700000, 0x0000000689700000, 0x0000000689800000|  0%| F|  |TAMS 0x0000000689700000, 0x0000000689700000| Untracked 
| 114|0x0000000689800000, 0x0000000689800000, 0x0000000689900000|  0%| F|  |TAMS 0x0000000689800000, 0x0000000689800000| Untracked 
| 115|0x0000000689900000, 0x0000000689900000, 0x0000000689a00000|  0%| F|  |TAMS 0x0000000689900000, 0x0000000689900000| Untracked 
| 116|0x0000000689a00000, 0x0000000689a00000, 0x0000000689b00000|  0%| F|  |TAMS 0x0000000689a00000, 0x0000000689a00000| Untracked 
| 117|0x0000000689b00000, 0x0000000689b00000, 0x0000000689c00000|  0%| F|  |TAMS 0x0000000689b00000, 0x0000000689b00000| Untracked 
| 118|0x0000000689c00000, 0x0000000689c00000, 0x0000000689d00000|  0%| F|  |TAMS 0x0000000689c00000, 0x0000000689c00000| Untracked 
| 119|0x0000000689d00000, 0x0000000689d00000, 0x0000000689e00000|  0%| F|  |TAMS 0x0000000689d00000, 0x0000000689d00000| Untracked 
| 120|0x0000000689e00000, 0x0000000689e00000, 0x0000000689f00000|  0%| F|  |TAMS 0x0000000689e00000, 0x0000000689e00000| Untracked 
| 121|0x0000000689f00000, 0x0000000689f00000, 0x000000068a000000|  0%| F|  |TAMS 0x0000000689f00000, 0x0000000689f00000| Untracked 
| 122|0x000000068a000000, 0x000000068a000000, 0x000000068a100000|  0%| F|  |TAMS 0x000000068a000000, 0x000000068a000000| Untracked 
| 123|0x000000068a100000, 0x000000068a100000, 0x000000068a200000|  0%| F|  |TAMS 0x000000068a100000, 0x000000068a100000| Untracked 
| 124|0x000000068a200000, 0x000000068a200000, 0x000000068a300000|  0%| F|  |TAMS 0x000000068a200000, 0x000000068a200000| Untracked 
| 125|0x000000068a300000, 0x000000068a300000, 0x000000068a400000|  0%| F|  |TAMS 0x000000068a300000, 0x000000068a300000| Untracked 
| 126|0x000000068a400000, 0x000000068a400000, 0x000000068a500000|  0%| F|  |TAMS 0x000000068a400000, 0x000000068a400000| Untracked 
| 127|0x000000068a500000, 0x000000068a500000, 0x000000068a600000|  0%| F|  |TAMS 0x000000068a500000, 0x000000068a500000| Untracked 
| 128|0x000000068a600000, 0x000000068a600000, 0x000000068a700000|  0%| F|  |TAMS 0x000000068a600000, 0x000000068a600000| Untracked 
| 129|0x000000068a700000, 0x000000068a700000, 0x000000068a800000|  0%| F|  |TAMS 0x000000068a700000, 0x000000068a700000| Untracked 
| 130|0x000000068a800000, 0x000000068a800000, 0x000000068a900000|  0%| F|  |TAMS 0x000000068a800000, 0x000000068a800000| Untracked 
| 131|0x000000068a900000, 0x000000068a900000, 0x000000068aa00000|  0%| F|  |TAMS 0x000000068a900000, 0x000000068a900000| Untracked 
| 132|0x000000068aa00000, 0x000000068aa00000, 0x000000068ab00000|  0%| F|  |TAMS 0x000000068aa00000, 0x000000068aa00000| Untracked 
| 133|0x000000068ab00000, 0x000000068ab00000, 0x000000068ac00000|  0%| F|  |TAMS 0x000000068ab00000, 0x000000068ab00000| Untracked 
| 134|0x000000068ac00000, 0x000000068ac00000, 0x000000068ad00000|  0%| F|  |TAMS 0x000000068ac00000, 0x000000068ac00000| Untracked 
| 135|0x000000068ad00000, 0x000000068ad00000, 0x000000068ae00000|  0%| F|  |TAMS 0x000000068ad00000, 0x000000068ad00000| Untracked 
| 136|0x000000068ae00000, 0x000000068ae00000, 0x000000068af00000|  0%| F|  |TAMS 0x000000068ae00000, 0x000000068ae00000| Untracked 
| 137|0x000000068af00000, 0x000000068af00000, 0x000000068b000000|  0%| F|  |TAMS 0x000000068af00000, 0x000000068af00000| Untracked 
| 138|0x000000068b000000, 0x000000068b000000, 0x000000068b100000|  0%| F|  |TAMS 0x000000068b000000, 0x000000068b000000| Untracked 
| 139|0x000000068b100000, 0x000000068b100000, 0x000000068b200000|  0%| F|  |TAMS 0x000000068b100000, 0x000000068b100000| Untracked 
| 140|0x000000068b200000, 0x000000068b200000, 0x000000068b300000|  0%| F|  |TAMS 0x000000068b200000, 0x000000068b200000| Untracked 
| 141|0x000000068b300000, 0x000000068b300000, 0x000000068b400000|  0%| F|  |TAMS 0x000000068b300000, 0x000000068b300000| Untracked 
| 142|0x000000068b400000, 0x000000068b400000, 0x000000068b500000|  0%| F|  |TAMS 0x000000068b400000, 0x000000068b400000| Untracked 
| 143|0x000000068b500000, 0x000000068b500000, 0x000000068b600000|  0%| F|  |TAMS 0x000000068b500000, 0x000000068b500000| Untracked 
| 144|0x000000068b600000, 0x000000068b600000, 0x000000068b700000|  0%| F|  |TAMS 0x000000068b600000, 0x000000068b600000| Untracked 
| 145|0x000000068b700000, 0x000000068b700000, 0x000000068b800000|  0%| F|  |TAMS 0x000000068b700000, 0x000000068b700000| Untracked 
| 146|0x000000068b800000, 0x000000068b800000, 0x000000068b900000|  0%| F|  |TAMS 0x000000068b800000, 0x000000068b800000| Untracked 
| 147|0x000000068b900000, 0x000000068b900000, 0x000000068ba00000|  0%| F|  |TAMS 0x000000068b900000, 0x000000068b900000| Untracked 
| 148|0x000000068ba00000, 0x000000068ba00000, 0x000000068bb00000|  0%| F|  |TAMS 0x000000068ba00000, 0x000000068ba00000| Untracked 
| 149|0x000000068bb00000, 0x000000068bb00000, 0x000000068bc00000|  0%| F|  |TAMS 0x000000068bb00000, 0x000000068bb00000| Untracked 
| 150|0x000000068bc00000, 0x000000068bc00000, 0x000000068bd00000|  0%| F|  |TAMS 0x000000068bc00000, 0x000000068bc00000| Untracked 
| 151|0x000000068bd00000, 0x000000068bd00000, 0x000000068be00000|  0%| F|  |TAMS 0x000000068bd00000, 0x000000068bd00000| Untracked 
| 152|0x000000068be00000, 0x000000068be00000, 0x000000068bf00000|  0%| F|  |TAMS 0x000000068be00000, 0x000000068be00000| Untracked 
| 153|0x000000068bf00000, 0x000000068bf00000, 0x000000068c000000|  0%| F|  |TAMS 0x000000068bf00000, 0x000000068bf00000| Untracked 
| 154|0x000000068c000000, 0x000000068c000000, 0x000000068c100000|  0%| F|  |TAMS 0x000000068c000000, 0x000000068c000000| Untracked 
| 155|0x000000068c100000, 0x000000068c100000, 0x000000068c200000|  0%| F|  |TAMS 0x000000068c100000, 0x000000068c100000| Untracked 
| 156|0x000000068c200000, 0x000000068c200000, 0x000000068c300000|  0%| F|  |TAMS 0x000000068c200000, 0x000000068c200000| Untracked 
| 157|0x000000068c300000, 0x000000068c300000, 0x000000068c400000|  0%| F|  |TAMS 0x000000068c300000, 0x000000068c300000| Untracked 
| 158|0x000000068c400000, 0x000000068c400000, 0x000000068c500000|  0%| F|  |TAMS 0x000000068c400000, 0x000000068c400000| Untracked 
| 159|0x000000068c500000, 0x000000068c500000, 0x000000068c600000|  0%| F|  |TAMS 0x000000068c500000, 0x000000068c500000| Untracked 
| 160|0x000000068c600000, 0x000000068c600000, 0x000000068c700000|  0%| F|  |TAMS 0x000000068c600000, 0x000000068c600000| Untracked 
| 161|0x000000068c700000, 0x000000068c700000, 0x000000068c800000|  0%| F|  |TAMS 0x000000068c700000, 0x000000068c700000| Untracked 
| 162|0x000000068c800000, 0x000000068c800000, 0x000000068c900000|  0%| F|  |TAMS 0x000000068c800000, 0x000000068c800000| Untracked 
| 163|0x000000068c900000, 0x000000068c900000, 0x000000068ca00000|  0%| F|  |TAMS 0x000000068c900000, 0x000000068c900000| Untracked 
| 164|0x000000068ca00000, 0x000000068ca00000, 0x000000068cb00000|  0%| F|  |TAMS 0x000000068ca00000, 0x000000068ca00000| Untracked 
| 165|0x000000068cb00000, 0x000000068cb00000, 0x000000068cc00000|  0%| F|  |TAMS 0x000000068cb00000, 0x000000068cb00000| Untracked 
| 166|0x000000068cc00000, 0x000000068cc00000, 0x000000068cd00000|  0%| F|  |TAMS 0x000000068cc00000, 0x000000068cc00000| Untracked 
| 167|0x000000068cd00000, 0x000000068cd00000, 0x000000068ce00000|  0%| F|  |TAMS 0x000000068cd00000, 0x000000068cd00000| Untracked 
| 168|0x000000068ce00000, 0x000000068ce00000, 0x000000068cf00000|  0%| F|  |TAMS 0x000000068ce00000, 0x000000068ce00000| Untracked 
| 169|0x000000068cf00000, 0x000000068cf00000, 0x000000068d000000|  0%| F|  |TAMS 0x000000068cf00000, 0x000000068cf00000| Untracked 
| 170|0x000000068d000000, 0x000000068d000000, 0x000000068d100000|  0%| F|  |TAMS 0x000000068d000000, 0x000000068d000000| Untracked 
| 171|0x000000068d100000, 0x000000068d100000, 0x000000068d200000|  0%| F|  |TAMS 0x000000068d100000, 0x000000068d100000| Untracked 
| 172|0x000000068d200000, 0x000000068d200000, 0x000000068d300000|  0%| F|  |TAMS 0x000000068d200000, 0x000000068d200000| Untracked 
| 173|0x000000068d300000, 0x000000068d300000, 0x000000068d400000|  0%| F|  |TAMS 0x000000068d300000, 0x000000068d300000| Untracked 
| 174|0x000000068d400000, 0x000000068d400000, 0x000000068d500000|  0%| F|  |TAMS 0x000000068d400000, 0x000000068d400000| Untracked 
| 175|0x000000068d500000, 0x000000068d500000, 0x000000068d600000|  0%| F|  |TAMS 0x000000068d500000, 0x000000068d500000| Untracked 
| 176|0x000000068d600000, 0x000000068d600000, 0x000000068d700000|  0%| F|  |TAMS 0x000000068d600000, 0x000000068d600000| Untracked 
| 177|0x000000068d700000, 0x000000068d700000, 0x000000068d800000|  0%| F|  |TAMS 0x000000068d700000, 0x000000068d700000| Untracked 
| 178|0x000000068d800000, 0x000000068d800000, 0x000000068d900000|  0%| F|  |TAMS 0x000000068d800000, 0x000000068d800000| Untracked 
| 179|0x000000068d900000, 0x000000068d900000, 0x000000068da00000|  0%| F|  |TAMS 0x000000068d900000, 0x000000068d900000| Untracked 
| 180|0x000000068da00000, 0x000000068da00000, 0x000000068db00000|  0%| F|  |TAMS 0x000000068da00000, 0x000000068da00000| Untracked 
| 181|0x000000068db00000, 0x000000068db00000, 0x000000068dc00000|  0%| F|  |TAMS 0x000000068db00000, 0x000000068db00000| Untracked 
| 182|0x000000068dc00000, 0x000000068dc00000, 0x000000068dd00000|  0%| F|  |TAMS 0x000000068dc00000, 0x000000068dc00000| Untracked 
| 183|0x000000068dd00000, 0x000000068dd00000, 0x000000068de00000|  0%| F|  |TAMS 0x000000068dd00000, 0x000000068dd00000| Untracked 
| 184|0x000000068de00000, 0x000000068de00000, 0x000000068df00000|  0%| F|  |TAMS 0x000000068de00000, 0x000000068de00000| Untracked 
| 185|0x000000068df00000, 0x000000068df00000, 0x000000068e000000|  0%| F|  |TAMS 0x000000068df00000, 0x000000068df00000| Untracked 
| 186|0x000000068e000000, 0x000000068e000000, 0x000000068e100000|  0%| F|  |TAMS 0x000000068e000000, 0x000000068e000000| Untracked 
| 187|0x000000068e100000, 0x000000068e100000, 0x000000068e200000|  0%| F|  |TAMS 0x000000068e100000, 0x000000068e100000| Untracked 
| 188|0x000000068e200000, 0x000000068e200000, 0x000000068e300000|  0%| F|  |TAMS 0x000000068e200000, 0x000000068e200000| Untracked 
| 189|0x000000068e300000, 0x000000068e300000, 0x000000068e400000|  0%| F|  |TAMS 0x000000068e300000, 0x000000068e300000| Untracked 
| 190|0x000000068e400000, 0x000000068e400000, 0x000000068e500000|  0%| F|  |TAMS 0x000000068e400000, 0x000000068e400000| Untracked 
| 191|0x000000068e500000, 0x000000068e500000, 0x000000068e600000|  0%| F|  |TAMS 0x000000068e500000, 0x000000068e500000| Untracked 
| 192|0x000000068e600000, 0x000000068e600000, 0x000000068e700000|  0%| F|  |TAMS 0x000000068e600000, 0x000000068e600000| Untracked 
| 193|0x000000068e700000, 0x000000068e700000, 0x000000068e800000|  0%| F|  |TAMS 0x000000068e700000, 0x000000068e700000| Untracked 
| 194|0x000000068e800000, 0x000000068e800000, 0x000000068e900000|  0%| F|  |TAMS 0x000000068e800000, 0x000000068e800000| Untracked 
| 195|0x000000068e900000, 0x000000068e900000, 0x000000068ea00000|  0%| F|  |TAMS 0x000000068e900000, 0x000000068e900000| Untracked 
| 196|0x000000068ea00000, 0x000000068ea00000, 0x000000068eb00000|  0%| F|  |TAMS 0x000000068ea00000, 0x000000068ea00000| Untracked 
| 197|0x000000068eb00000, 0x000000068eb00000, 0x000000068ec00000|  0%| F|  |TAMS 0x000000068eb00000, 0x000000068eb00000| Untracked 
| 198|0x000000068ec00000, 0x000000068ec00000, 0x000000068ed00000|  0%| F|  |TAMS 0x000000068ec00000, 0x000000068ec00000| Untracked 
| 199|0x000000068ed00000, 0x000000068ed00000, 0x000000068ee00000|  0%| F|  |TAMS 0x000000068ed00000, 0x000000068ed00000| Untracked 
| 200|0x000000068ee00000, 0x000000068ee00000, 0x000000068ef00000|  0%| F|  |TAMS 0x000000068ee00000, 0x000000068ee00000| Untracked 
| 201|0x000000068ef00000, 0x000000068ef00000, 0x000000068f000000|  0%| F|  |TAMS 0x000000068ef00000, 0x000000068ef00000| Untracked 
| 202|0x000000068f000000, 0x000000068f000000, 0x000000068f100000|  0%| F|  |TAMS 0x000000068f000000, 0x000000068f000000| Untracked 
| 203|0x000000068f100000, 0x000000068f100000, 0x000000068f200000|  0%| F|  |TAMS 0x000000068f100000, 0x000000068f100000| Untracked 
| 204|0x000000068f200000, 0x000000068f200000, 0x000000068f300000|  0%| F|  |TAMS 0x000000068f200000, 0x000000068f200000| Untracked 
| 205|0x000000068f300000, 0x000000068f300000, 0x000000068f400000|  0%| F|  |TAMS 0x000000068f300000, 0x000000068f300000| Untracked 
| 206|0x000000068f400000, 0x000000068f400000, 0x000000068f500000|  0%| F|  |TAMS 0x000000068f400000, 0x000000068f400000| Untracked 
| 207|0x000000068f500000, 0x000000068f500000, 0x000000068f600000|  0%| F|  |TAMS 0x000000068f500000, 0x000000068f500000| Untracked 
| 208|0x000000068f600000, 0x000000068f600000, 0x000000068f700000|  0%| F|  |TAMS 0x000000068f600000, 0x000000068f600000| Untracked 
| 209|0x000000068f700000, 0x000000068f700000, 0x000000068f800000|  0%| F|  |TAMS 0x000000068f700000, 0x000000068f700000| Untracked 
| 210|0x000000068f800000, 0x000000068f800000, 0x000000068f900000|  0%| F|  |TAMS 0x000000068f800000, 0x000000068f800000| Untracked 
| 211|0x000000068f900000, 0x000000068f900000, 0x000000068fa00000|  0%| F|  |TAMS 0x000000068f900000, 0x000000068f900000| Untracked 
| 212|0x000000068fa00000, 0x000000068fa00000, 0x000000068fb00000|  0%| F|  |TAMS 0x000000068fa00000, 0x000000068fa00000| Untracked 
| 213|0x000000068fb00000, 0x000000068fb00000, 0x000000068fc00000|  0%| F|  |TAMS 0x000000068fb00000, 0x000000068fb00000| Untracked 
| 214|0x000000068fc00000, 0x000000068fc00000, 0x000000068fd00000|  0%| F|  |TAMS 0x000000068fc00000, 0x000000068fc00000| Untracked 
| 215|0x000000068fd00000, 0x000000068fd00000, 0x000000068fe00000|  0%| F|  |TAMS 0x000000068fd00000, 0x000000068fd00000| Untracked 
| 216|0x000000068fe00000, 0x000000068fe00000, 0x000000068ff00000|  0%| F|  |TAMS 0x000000068fe00000, 0x000000068fe00000| Untracked 
| 217|0x000000068ff00000, 0x000000068ff00000, 0x0000000690000000|  0%| F|  |TAMS 0x000000068ff00000, 0x000000068ff00000| Untracked 
| 218|0x0000000690000000, 0x0000000690000000, 0x0000000690100000|  0%| F|  |TAMS 0x0000000690000000, 0x0000000690000000| Untracked 
| 219|0x0000000690100000, 0x0000000690100000, 0x0000000690200000|  0%| F|  |TAMS 0x0000000690100000, 0x0000000690100000| Untracked 
| 220|0x0000000690200000, 0x0000000690200000, 0x0000000690300000|  0%| F|  |TAMS 0x0000000690200000, 0x0000000690200000| Untracked 
| 221|0x0000000690300000, 0x0000000690300000, 0x0000000690400000|  0%| F|  |TAMS 0x0000000690300000, 0x0000000690300000| Untracked 
| 222|0x0000000690400000, 0x0000000690400000, 0x0000000690500000|  0%| F|  |TAMS 0x0000000690400000, 0x0000000690400000| Untracked 
| 223|0x0000000690500000, 0x0000000690500000, 0x0000000690600000|  0%| F|  |TAMS 0x0000000690500000, 0x0000000690500000| Untracked 
| 224|0x0000000690600000, 0x0000000690600000, 0x0000000690700000|  0%| F|  |TAMS 0x0000000690600000, 0x0000000690600000| Untracked 
| 225|0x0000000690700000, 0x0000000690700000, 0x0000000690800000|  0%| F|  |TAMS 0x0000000690700000, 0x0000000690700000| Untracked 
| 226|0x0000000690800000, 0x0000000690800000, 0x0000000690900000|  0%| F|  |TAMS 0x0000000690800000, 0x0000000690800000| Untracked 
| 227|0x0000000690900000, 0x0000000690900000, 0x0000000690a00000|  0%| F|  |TAMS 0x0000000690900000, 0x0000000690900000| Untracked 
| 228|0x0000000690a00000, 0x0000000690a00000, 0x0000000690b00000|  0%| F|  |TAMS 0x0000000690a00000, 0x0000000690a00000| Untracked 
| 229|0x0000000690b00000, 0x0000000690b00000, 0x0000000690c00000|  0%| F|  |TAMS 0x0000000690b00000, 0x0000000690b00000| Untracked 
| 230|0x0000000690c00000, 0x0000000690c00000, 0x0000000690d00000|  0%| F|  |TAMS 0x0000000690c00000, 0x0000000690c00000| Untracked 
| 231|0x0000000690d00000, 0x0000000690d00000, 0x0000000690e00000|  0%| F|  |TAMS 0x0000000690d00000, 0x0000000690d00000| Untracked 
| 232|0x0000000690e00000, 0x0000000690e00000, 0x0000000690f00000|  0%| F|  |TAMS 0x0000000690e00000, 0x0000000690e00000| Untracked 
| 233|0x0000000690f00000, 0x0000000690f00000, 0x0000000691000000|  0%| F|  |TAMS 0x0000000690f00000, 0x0000000690f00000| Untracked 
| 234|0x0000000691000000, 0x0000000691000000, 0x0000000691100000|  0%| F|  |TAMS 0x0000000691000000, 0x0000000691000000| Untracked 
| 235|0x0000000691100000, 0x0000000691100000, 0x0000000691200000|  0%| F|  |TAMS 0x0000000691100000, 0x0000000691100000| Untracked 
| 236|0x0000000691200000, 0x0000000691200000, 0x0000000691300000|  0%| F|  |TAMS 0x0000000691200000, 0x0000000691200000| Untracked 
| 237|0x0000000691300000, 0x0000000691300000, 0x0000000691400000|  0%| F|  |TAMS 0x0000000691300000, 0x0000000691300000| Untracked 
| 238|0x0000000691400000, 0x0000000691400000, 0x0000000691500000|  0%| F|  |TAMS 0x0000000691400000, 0x0000000691400000| Untracked 
| 239|0x0000000691500000, 0x0000000691500000, 0x0000000691600000|  0%| F|  |TAMS 0x0000000691500000, 0x0000000691500000| Untracked 
| 240|0x0000000691600000, 0x0000000691600000, 0x0000000691700000|  0%| F|  |TAMS 0x0000000691600000, 0x0000000691600000| Untracked 
| 241|0x0000000691700000, 0x0000000691700000, 0x0000000691800000|  0%| F|  |TAMS 0x0000000691700000, 0x0000000691700000| Untracked 
| 242|0x0000000691800000, 0x0000000691800000, 0x0000000691900000|  0%| F|  |TAMS 0x0000000691800000, 0x0000000691800000| Untracked 
| 243|0x0000000691900000, 0x0000000691900000, 0x0000000691a00000|  0%| F|  |TAMS 0x0000000691900000, 0x0000000691900000| Untracked 
| 244|0x0000000691a00000, 0x0000000691a00000, 0x0000000691b00000|  0%| F|  |TAMS 0x0000000691a00000, 0x0000000691a00000| Untracked 
| 245|0x0000000691b00000, 0x0000000691b00000, 0x0000000691c00000|  0%| F|  |TAMS 0x0000000691b00000, 0x0000000691b00000| Untracked 
| 246|0x0000000691c00000, 0x0000000691c00000, 0x0000000691d00000|  0%| F|  |TAMS 0x0000000691c00000, 0x0000000691c00000| Untracked 
| 247|0x0000000691d00000, 0x0000000691d00000, 0x0000000691e00000|  0%| F|  |TAMS 0x0000000691d00000, 0x0000000691d00000| Untracked 
| 248|0x0000000691e00000, 0x0000000691e00000, 0x0000000691f00000|  0%| F|  |TAMS 0x0000000691e00000, 0x0000000691e00000| Untracked 
| 249|0x0000000691f00000, 0x0000000691f00000, 0x0000000692000000|  0%| F|  |TAMS 0x0000000691f00000, 0x0000000691f00000| Untracked 
| 250|0x0000000692000000, 0x0000000692000000, 0x0000000692100000|  0%| F|  |TAMS 0x0000000692000000, 0x0000000692000000| Untracked 
| 251|0x0000000692100000, 0x0000000692100000, 0x0000000692200000|  0%| F|  |TAMS 0x0000000692100000, 0x0000000692100000| Untracked 
| 252|0x0000000692200000, 0x0000000692200000, 0x0000000692300000|  0%| F|  |TAMS 0x0000000692200000, 0x0000000692200000| Untracked 
| 253|0x0000000692300000, 0x0000000692300000, 0x0000000692400000|  0%| F|  |TAMS 0x0000000692300000, 0x0000000692300000| Untracked 
| 254|0x0000000692400000, 0x0000000692400000, 0x0000000692500000|  0%| F|  |TAMS 0x0000000692400000, 0x0000000692400000| Untracked 
| 255|0x0000000692500000, 0x0000000692500000, 0x0000000692600000|  0%| F|  |TAMS 0x0000000692500000, 0x0000000692500000| Untracked 
| 256|0x0000000692600000, 0x0000000692600000, 0x0000000692700000|  0%| F|  |TAMS 0x0000000692600000, 0x0000000692600000| Untracked 
| 257|0x0000000692700000, 0x0000000692700000, 0x0000000692800000|  0%| F|  |TAMS 0x0000000692700000, 0x0000000692700000| Untracked 
| 258|0x0000000692800000, 0x0000000692800000, 0x0000000692900000|  0%| F|  |TAMS 0x0000000692800000, 0x0000000692800000| Untracked 
| 259|0x0000000692900000, 0x0000000692900000, 0x0000000692a00000|  0%| F|  |TAMS 0x0000000692900000, 0x0000000692900000| Untracked 
| 260|0x0000000692a00000, 0x0000000692a00000, 0x0000000692b00000|  0%| F|  |TAMS 0x0000000692a00000, 0x0000000692a00000| Untracked 
| 261|0x0000000692b00000, 0x0000000692b00000, 0x0000000692c00000|  0%| F|  |TAMS 0x0000000692b00000, 0x0000000692b00000| Untracked 
| 262|0x0000000692c00000, 0x0000000692c00000, 0x0000000692d00000|  0%| F|  |TAMS 0x0000000692c00000, 0x0000000692c00000| Untracked 
| 263|0x0000000692d00000, 0x0000000692d00000, 0x0000000692e00000|  0%| F|  |TAMS 0x0000000692d00000, 0x0000000692d00000| Untracked 
| 264|0x0000000692e00000, 0x0000000692e00000, 0x0000000692f00000|  0%| F|  |TAMS 0x0000000692e00000, 0x0000000692e00000| Untracked 
| 265|0x0000000692f00000, 0x0000000692f00000, 0x0000000693000000|  0%| F|  |TAMS 0x0000000692f00000, 0x0000000692f00000| Untracked 
| 266|0x0000000693000000, 0x0000000693000000, 0x0000000693100000|  0%| F|  |TAMS 0x0000000693000000, 0x0000000693000000| Untracked 
| 267|0x0000000693100000, 0x0000000693100000, 0x0000000693200000|  0%| F|  |TAMS 0x0000000693100000, 0x0000000693100000| Untracked 
| 268|0x0000000693200000, 0x0000000693200000, 0x0000000693300000|  0%| F|  |TAMS 0x0000000693200000, 0x0000000693200000| Untracked 
| 269|0x0000000693300000, 0x0000000693300000, 0x0000000693400000|  0%| F|  |TAMS 0x0000000693300000, 0x0000000693300000| Untracked 
| 270|0x0000000693400000, 0x0000000693400000, 0x0000000693500000|  0%| F|  |TAMS 0x0000000693400000, 0x0000000693400000| Untracked 
| 271|0x0000000693500000, 0x0000000693500000, 0x0000000693600000|  0%| F|  |TAMS 0x0000000693500000, 0x0000000693500000| Untracked 
| 272|0x0000000693600000, 0x0000000693600000, 0x0000000693700000|  0%| F|  |TAMS 0x0000000693600000, 0x0000000693600000| Untracked 
| 273|0x0000000693700000, 0x0000000693700000, 0x0000000693800000|  0%| F|  |TAMS 0x0000000693700000, 0x0000000693700000| Untracked 
| 274|0x0000000693800000, 0x0000000693800000, 0x0000000693900000|  0%| F|  |TAMS 0x0000000693800000, 0x0000000693800000| Untracked 
| 275|0x0000000693900000, 0x0000000693900000, 0x0000000693a00000|  0%| F|  |TAMS 0x0000000693900000, 0x0000000693900000| Untracked 
| 276|0x0000000693a00000, 0x0000000693a00000, 0x0000000693b00000|  0%| F|  |TAMS 0x0000000693a00000, 0x0000000693a00000| Untracked 
| 277|0x0000000693b00000, 0x0000000693b00000, 0x0000000693c00000|  0%| F|  |TAMS 0x0000000693b00000, 0x0000000693b00000| Untracked 
| 278|0x0000000693c00000, 0x0000000693c00000, 0x0000000693d00000|  0%| F|  |TAMS 0x0000000693c00000, 0x0000000693c00000| Untracked 
| 279|0x0000000693d00000, 0x0000000693d00000, 0x0000000693e00000|  0%| F|  |TAMS 0x0000000693d00000, 0x0000000693d00000| Untracked 
| 280|0x0000000693e00000, 0x0000000693e00000, 0x0000000693f00000|  0%| F|  |TAMS 0x0000000693e00000, 0x0000000693e00000| Untracked 
| 281|0x0000000693f00000, 0x0000000693f00000, 0x0000000694000000|  0%| F|  |TAMS 0x0000000693f00000, 0x0000000693f00000| Untracked 
| 282|0x0000000694000000, 0x0000000694000000, 0x0000000694100000|  0%| F|  |TAMS 0x0000000694000000, 0x0000000694000000| Untracked 
| 283|0x0000000694100000, 0x0000000694100000, 0x0000000694200000|  0%| F|  |TAMS 0x0000000694100000, 0x0000000694100000| Untracked 
| 284|0x0000000694200000, 0x0000000694200000, 0x0000000694300000|  0%| F|  |TAMS 0x0000000694200000, 0x0000000694200000| Untracked 
| 285|0x0000000694300000, 0x0000000694300000, 0x0000000694400000|  0%| F|  |TAMS 0x0000000694300000, 0x0000000694300000| Untracked 
| 286|0x0000000694400000, 0x0000000694400000, 0x0000000694500000|  0%| F|  |TAMS 0x0000000694400000, 0x0000000694400000| Untracked 
| 287|0x0000000694500000, 0x0000000694500000, 0x0000000694600000|  0%| F|  |TAMS 0x0000000694500000, 0x0000000694500000| Untracked 
| 288|0x0000000694600000, 0x0000000694600000, 0x0000000694700000|  0%| F|  |TAMS 0x0000000694600000, 0x0000000694600000| Untracked 
| 289|0x0000000694700000, 0x0000000694700000, 0x0000000694800000|  0%| F|  |TAMS 0x0000000694700000, 0x0000000694700000| Untracked 
| 290|0x0000000694800000, 0x0000000694800000, 0x0000000694900000|  0%| F|  |TAMS 0x0000000694800000, 0x0000000694800000| Untracked 
| 291|0x0000000694900000, 0x0000000694900000, 0x0000000694a00000|  0%| F|  |TAMS 0x0000000694900000, 0x0000000694900000| Untracked 
| 292|0x0000000694a00000, 0x0000000694a00000, 0x0000000694b00000|  0%| F|  |TAMS 0x0000000694a00000, 0x0000000694a00000| Untracked 
| 293|0x0000000694b00000, 0x0000000694b00000, 0x0000000694c00000|  0%| F|  |TAMS 0x0000000694b00000, 0x0000000694b00000| Untracked 
| 294|0x0000000694c00000, 0x0000000694c00000, 0x0000000694d00000|  0%| F|  |TAMS 0x0000000694c00000, 0x0000000694c00000| Untracked 
| 295|0x0000000694d00000, 0x0000000694d00000, 0x0000000694e00000|  0%| F|  |TAMS 0x0000000694d00000, 0x0000000694d00000| Untracked 
| 296|0x0000000694e00000, 0x0000000694e00000, 0x0000000694f00000|  0%| F|  |TAMS 0x0000000694e00000, 0x0000000694e00000| Untracked 
| 297|0x0000000694f00000, 0x0000000694f00000, 0x0000000695000000|  0%| F|  |TAMS 0x0000000694f00000, 0x0000000694f00000| Untracked 
| 298|0x0000000695000000, 0x0000000695000000, 0x0000000695100000|  0%| F|  |TAMS 0x0000000695000000, 0x0000000695000000| Untracked 
| 299|0x0000000695100000, 0x0000000695100000, 0x0000000695200000|  0%| F|  |TAMS 0x0000000695100000, 0x0000000695100000| Untracked 
| 300|0x0000000695200000, 0x0000000695200000, 0x0000000695300000|  0%| F|  |TAMS 0x0000000695200000, 0x0000000695200000| Untracked 
| 301|0x0000000695300000, 0x0000000695300000, 0x0000000695400000|  0%| F|  |TAMS 0x0000000695300000, 0x0000000695300000| Untracked 
| 302|0x0000000695400000, 0x0000000695400000, 0x0000000695500000|  0%| F|  |TAMS 0x0000000695400000, 0x0000000695400000| Untracked 
| 303|0x0000000695500000, 0x0000000695500000, 0x0000000695600000|  0%| F|  |TAMS 0x0000000695500000, 0x0000000695500000| Untracked 
| 304|0x0000000695600000, 0x0000000695600000, 0x0000000695700000|  0%| F|  |TAMS 0x0000000695600000, 0x0000000695600000| Untracked 
| 305|0x0000000695700000, 0x0000000695700000, 0x0000000695800000|  0%| F|  |TAMS 0x0000000695700000, 0x0000000695700000| Untracked 
| 306|0x0000000695800000, 0x0000000695800000, 0x0000000695900000|  0%| F|  |TAMS 0x0000000695800000, 0x0000000695800000| Untracked 
| 307|0x0000000695900000, 0x0000000695900000, 0x0000000695a00000|  0%| F|  |TAMS 0x0000000695900000, 0x0000000695900000| Untracked 
| 308|0x0000000695a00000, 0x0000000695a00000, 0x0000000695b00000|  0%| F|  |TAMS 0x0000000695a00000, 0x0000000695a00000| Untracked 
| 309|0x0000000695b00000, 0x0000000695b00000, 0x0000000695c00000|  0%| F|  |TAMS 0x0000000695b00000, 0x0000000695b00000| Untracked 
| 310|0x0000000695c00000, 0x0000000695c00000, 0x0000000695d00000|  0%| F|  |TAMS 0x0000000695c00000, 0x0000000695c00000| Untracked 
| 311|0x0000000695d00000, 0x0000000695d00000, 0x0000000695e00000|  0%| F|  |TAMS 0x0000000695d00000, 0x0000000695d00000| Untracked 
| 312|0x0000000695e00000, 0x0000000695e00000, 0x0000000695f00000|  0%| F|  |TAMS 0x0000000695e00000, 0x0000000695e00000| Untracked 
| 313|0x0000000695f00000, 0x0000000695f00000, 0x0000000696000000|  0%| F|  |TAMS 0x0000000695f00000, 0x0000000695f00000| Untracked 
| 314|0x0000000696000000, 0x0000000696000000, 0x0000000696100000|  0%| F|  |TAMS 0x0000000696000000, 0x0000000696000000| Untracked 
| 315|0x0000000696100000, 0x0000000696100000, 0x0000000696200000|  0%| F|  |TAMS 0x0000000696100000, 0x0000000696100000| Untracked 
| 316|0x0000000696200000, 0x0000000696200000, 0x0000000696300000|  0%| F|  |TAMS 0x0000000696200000, 0x0000000696200000| Untracked 
| 317|0x0000000696300000, 0x0000000696300000, 0x0000000696400000|  0%| F|  |TAMS 0x0000000696300000, 0x0000000696300000| Untracked 
| 318|0x0000000696400000, 0x0000000696400000, 0x0000000696500000|  0%| F|  |TAMS 0x0000000696400000, 0x0000000696400000| Untracked 
| 319|0x0000000696500000, 0x0000000696500000, 0x0000000696600000|  0%| F|  |TAMS 0x0000000696500000, 0x0000000696500000| Untracked 
| 320|0x0000000696600000, 0x0000000696600000, 0x0000000696700000|  0%| F|  |TAMS 0x0000000696600000, 0x0000000696600000| Untracked 
| 321|0x0000000696700000, 0x0000000696700000, 0x0000000696800000|  0%| F|  |TAMS 0x0000000696700000, 0x0000000696700000| Untracked 
| 322|0x0000000696800000, 0x0000000696800000, 0x0000000696900000|  0%| F|  |TAMS 0x0000000696800000, 0x0000000696800000| Untracked 
| 323|0x0000000696900000, 0x0000000696900000, 0x0000000696a00000|  0%| F|  |TAMS 0x0000000696900000, 0x0000000696900000| Untracked 
| 324|0x0000000696a00000, 0x0000000696a00000, 0x0000000696b00000|  0%| F|  |TAMS 0x0000000696a00000, 0x0000000696a00000| Untracked 
| 325|0x0000000696b00000, 0x0000000696b00000, 0x0000000696c00000|  0%| F|  |TAMS 0x0000000696b00000, 0x0000000696b00000| Untracked 
| 326|0x0000000696c00000, 0x0000000696d00000, 0x0000000696d00000|100%| S|CS|TAMS 0x0000000696c00000, 0x0000000696c00000| Complete 
| 327|0x0000000696d00000, 0x0000000696e00000, 0x0000000696e00000|100%| S|CS|TAMS 0x0000000696d00000, 0x0000000696d00000| Complete 
| 328|0x0000000696e00000, 0x0000000696f00000, 0x0000000696f00000|100%| S|CS|TAMS 0x0000000696e00000, 0x0000000696e00000| Complete 
| 329|0x0000000696f00000, 0x0000000697000000, 0x0000000697000000|100%| S|CS|TAMS 0x0000000696f00000, 0x0000000696f00000| Complete 
| 330|0x0000000697000000, 0x0000000697100000, 0x0000000697100000|100%| S|CS|TAMS 0x0000000697000000, 0x0000000697000000| Complete 
| 331|0x0000000697100000, 0x0000000697200000, 0x0000000697200000|100%| S|CS|TAMS 0x0000000697100000, 0x0000000697100000| Complete 
| 332|0x0000000697200000, 0x0000000697300000, 0x0000000697300000|100%| S|CS|TAMS 0x0000000697200000, 0x0000000697200000| Complete 
| 333|0x0000000697300000, 0x0000000697300000, 0x0000000697400000|  0%| F|  |TAMS 0x0000000697300000, 0x0000000697300000| Untracked 
| 334|0x0000000697400000, 0x0000000697400000, 0x0000000697500000|  0%| F|  |TAMS 0x0000000697400000, 0x0000000697400000| Untracked 
| 335|0x0000000697500000, 0x0000000697500000, 0x0000000697600000|  0%| F|  |TAMS 0x0000000697500000, 0x0000000697500000| Untracked 
| 336|0x0000000697600000, 0x0000000697600000, 0x0000000697700000|  0%| F|  |TAMS 0x0000000697600000, 0x0000000697600000| Untracked 
| 337|0x0000000697700000, 0x0000000697700000, 0x0000000697800000|  0%| F|  |TAMS 0x0000000697700000, 0x0000000697700000| Untracked 
| 338|0x0000000697800000, 0x0000000697800000, 0x0000000697900000|  0%| F|  |TAMS 0x0000000697800000, 0x0000000697800000| Untracked 
| 339|0x0000000697900000, 0x0000000697900000, 0x0000000697a00000|  0%| F|  |TAMS 0x0000000697900000, 0x0000000697900000| Untracked 
| 340|0x0000000697a00000, 0x0000000697a00000, 0x0000000697b00000|  0%| F|  |TAMS 0x0000000697a00000, 0x0000000697a00000| Untracked 
| 341|0x0000000697b00000, 0x0000000697b00000, 0x0000000697c00000|  0%| F|  |TAMS 0x0000000697b00000, 0x0000000697b00000| Untracked 
| 342|0x0000000697c00000, 0x0000000697c00000, 0x0000000697d00000|  0%| F|  |TAMS 0x0000000697c00000, 0x0000000697c00000| Untracked 
| 343|0x0000000697d00000, 0x0000000697d00000, 0x0000000697e00000|  0%| F|  |TAMS 0x0000000697d00000, 0x0000000697d00000| Untracked 
| 344|0x0000000697e00000, 0x0000000697e00000, 0x0000000697f00000|  0%| F|  |TAMS 0x0000000697e00000, 0x0000000697e00000| Untracked 
| 345|0x0000000697f00000, 0x0000000697f00000, 0x0000000698000000|  0%| F|  |TAMS 0x0000000697f00000, 0x0000000697f00000| Untracked 
| 346|0x0000000698000000, 0x0000000698000000, 0x0000000698100000|  0%| F|  |TAMS 0x0000000698000000, 0x0000000698000000| Untracked 
| 347|0x0000000698100000, 0x0000000698100000, 0x0000000698200000|  0%| F|  |TAMS 0x0000000698100000, 0x0000000698100000| Untracked 
| 348|0x0000000698200000, 0x0000000698200000, 0x0000000698300000|  0%| F|  |TAMS 0x0000000698200000, 0x0000000698200000| Untracked 
| 349|0x0000000698300000, 0x0000000698300000, 0x0000000698400000|  0%| F|  |TAMS 0x0000000698300000, 0x0000000698300000| Untracked 
| 350|0x0000000698400000, 0x0000000698400000, 0x0000000698500000|  0%| F|  |TAMS 0x0000000698400000, 0x0000000698400000| Untracked 
| 351|0x0000000698500000, 0x0000000698500000, 0x0000000698600000|  0%| F|  |TAMS 0x0000000698500000, 0x0000000698500000| Untracked 
| 352|0x0000000698600000, 0x0000000698600000, 0x0000000698700000|  0%| F|  |TAMS 0x0000000698600000, 0x0000000698600000| Untracked 
| 353|0x0000000698700000, 0x0000000698700000, 0x0000000698800000|  0%| F|  |TAMS 0x0000000698700000, 0x0000000698700000| Untracked 
| 354|0x0000000698800000, 0x0000000698800000, 0x0000000698900000|  0%| F|  |TAMS 0x0000000698800000, 0x0000000698800000| Untracked 
| 355|0x0000000698900000, 0x0000000698900000, 0x0000000698a00000|  0%| F|  |TAMS 0x0000000698900000, 0x0000000698900000| Untracked 
| 356|0x0000000698a00000, 0x0000000698a00000, 0x0000000698b00000|  0%| F|  |TAMS 0x0000000698a00000, 0x0000000698a00000| Untracked 
| 357|0x0000000698b00000, 0x0000000698b00000, 0x0000000698c00000|  0%| F|  |TAMS 0x0000000698b00000, 0x0000000698b00000| Untracked 
| 358|0x0000000698c00000, 0x0000000698c00000, 0x0000000698d00000|  0%| F|  |TAMS 0x0000000698c00000, 0x0000000698c00000| Untracked 
| 359|0x0000000698d00000, 0x0000000698d00000, 0x0000000698e00000|  0%| F|  |TAMS 0x0000000698d00000, 0x0000000698d00000| Untracked 
| 360|0x0000000698e00000, 0x0000000698e00000, 0x0000000698f00000|  0%| F|  |TAMS 0x0000000698e00000, 0x0000000698e00000| Untracked 
| 361|0x0000000698f00000, 0x0000000698f00000, 0x0000000699000000|  0%| F|  |TAMS 0x0000000698f00000, 0x0000000698f00000| Untracked 
| 362|0x0000000699000000, 0x0000000699000000, 0x0000000699100000|  0%| F|  |TAMS 0x0000000699000000, 0x0000000699000000| Untracked 
| 363|0x0000000699100000, 0x0000000699100000, 0x0000000699200000|  0%| F|  |TAMS 0x0000000699100000, 0x0000000699100000| Untracked 
| 364|0x0000000699200000, 0x0000000699200000, 0x0000000699300000|  0%| F|  |TAMS 0x0000000699200000, 0x0000000699200000| Untracked 
| 365|0x0000000699300000, 0x0000000699300000, 0x0000000699400000|  0%| F|  |TAMS 0x0000000699300000, 0x0000000699300000| Untracked 
| 366|0x0000000699400000, 0x0000000699400000, 0x0000000699500000|  0%| F|  |TAMS 0x0000000699400000, 0x0000000699400000| Untracked 
| 367|0x0000000699500000, 0x0000000699500000, 0x0000000699600000|  0%| F|  |TAMS 0x0000000699500000, 0x0000000699500000| Untracked 
| 368|0x0000000699600000, 0x0000000699600000, 0x0000000699700000|  0%| F|  |TAMS 0x0000000699600000, 0x0000000699600000| Untracked 
| 369|0x0000000699700000, 0x0000000699700000, 0x0000000699800000|  0%| F|  |TAMS 0x0000000699700000, 0x0000000699700000| Untracked 
| 370|0x0000000699800000, 0x0000000699800000, 0x0000000699900000|  0%| F|  |TAMS 0x0000000699800000, 0x0000000699800000| Untracked 
| 371|0x0000000699900000, 0x0000000699900000, 0x0000000699a00000|  0%| F|  |TAMS 0x0000000699900000, 0x0000000699900000| Untracked 
| 372|0x0000000699a00000, 0x0000000699a80800, 0x0000000699b00000| 50%| E|  |TAMS 0x0000000699a00000, 0x0000000699a00000| Complete 
| 373|0x0000000699b00000, 0x0000000699c00000, 0x0000000699c00000|100%| E|CS|TAMS 0x0000000699b00000, 0x0000000699b00000| Complete 
| 374|0x0000000699c00000, 0x0000000699d00000, 0x0000000699d00000|100%| E|CS|TAMS 0x0000000699c00000, 0x0000000699c00000| Complete 
| 375|0x0000000699d00000, 0x0000000699e00000, 0x0000000699e00000|100%| E|CS|TAMS 0x0000000699d00000, 0x0000000699d00000| Complete 
| 376|0x0000000699e00000, 0x0000000699f00000, 0x0000000699f00000|100%| E|CS|TAMS 0x0000000699e00000, 0x0000000699e00000| Complete 
| 377|0x0000000699f00000, 0x000000069a000000, 0x000000069a000000|100%| E|CS|TAMS 0x0000000699f00000, 0x0000000699f00000| Complete 
| 378|0x000000069a000000, 0x000000069a100000, 0x000000069a100000|100%| E|CS|TAMS 0x000000069a000000, 0x000000069a000000| Complete 
| 379|0x000000069a100000, 0x000000069a200000, 0x000000069a200000|100%| E|CS|TAMS 0x000000069a100000, 0x000000069a100000| Complete 
| 380|0x000000069a200000, 0x000000069a300000, 0x000000069a300000|100%| E|CS|TAMS 0x000000069a200000, 0x000000069a200000| Complete 
| 381|0x000000069a300000, 0x000000069a400000, 0x000000069a400000|100%| E|CS|TAMS 0x000000069a300000, 0x000000069a300000| Complete 

Card table byte_map: [0x0000029e5dc30000,0x0000029e5e820000] _byte_map_base: 0x0000029e5a81d000

Marking Bits (Prev, Next): (CMBitMap*) 0x0000029e4383fbf0, (CMBitMap*) 0x0000029e4383fbb8
 Prev Bits: [0x0000029e65380000, 0x0000029e6b2e8000)
 Next Bits: [0x0000029e5f410000, 0x0000029e65378000)

Polling page: 0x0000029e45050000

Metaspace:

Usage:
  Non-class:     25.61 MB capacity,    25.09 MB ( 98%) used,   420.15 KB (  2%) free+waste,   116.00 KB ( <1%) overhead. 
      Class:      3.96 MB capacity,     3.54 MB ( 89%) used,   371.17 KB (  9%) free+waste,    58.25 KB (  1%) overhead. 
       Both:     29.57 MB capacity,    28.63 MB ( 97%) used,   791.32 KB (  3%) free+waste,   174.25 KB ( <1%) overhead. 

Virtual space:
  Non-class space:       26.00 MB reserved,      25.75 MB (>99%) committed 
      Class space:        1.00 GB reserved,       4.00 MB ( <1%) committed 
             Both:        1.03 GB reserved,      29.75 MB (  3%) committed 

Chunk freelists:
   Non-Class:  1.88 KB
       Class:  1.38 KB
        Both:  3.25 KB

CodeHeap 'non-profiled nmethods': size=120000Kb used=1824Kb max_used=1824Kb free=118175Kb
 bounds [0x0000029e54e70000, 0x0000029e550e0000, 0x0000029e5c3a0000]
CodeHeap 'profiled nmethods': size=120000Kb used=8156Kb max_used=8156Kb free=111843Kb
 bounds [0x0000029e4d940000, 0x0000029e4e140000, 0x0000029e54e70000]
CodeHeap 'non-nmethods': size=5760Kb used=1399Kb max_used=1441Kb free=4361Kb
 bounds [0x0000029e4d3a0000, 0x0000029e4d610000, 0x0000029e4d940000]
 total_blobs=4684 nmethods=3845 adapters=750
 compilation: enabled
              stopped_count=0, restarted_count=0
 full_count=0

Compilation events (10 events):
Event: 34.691 Thread 0x0000029e6eac5000 3844       3       java.nio.Buffer::clear (20 bytes)
Event: 34.691 Thread 0x0000029e6eac5000 nmethod 3844 0x0000029e4e136110 code [0x0000029e4e1362a0, 0x0000029e4e136418]
Event: 34.691 Thread 0x0000029e6eac5000 3843       3       java.nio.charset.CoderResult::isUnderflow (13 bytes)
Event: 34.691 Thread 0x0000029e6eac5000 nmethod 3843 0x0000029e4e136490 code [0x0000029e4e136640, 0x0000029e4e1367f8]
Event: 34.691 Thread 0x0000029e6eac5000 3845       3       java.nio.CharBuffer::arrayOffset (35 bytes)
Event: 34.692 Thread 0x0000029e6eac5000 nmethod 3845 0x0000029e4e136890 code [0x0000029e4e136a60, 0x0000029e4e136da0]
Event: 34.692 Thread 0x0000029e6eac5000 3842       3       java.lang.invoke.BoundMethodHandle$Species_LL::speciesData (4 bytes)
Event: 34.692 Thread 0x0000029e6eac5000 nmethod 3842 0x0000029e4e136f10 code [0x0000029e4e1370c0, 0x0000029e4e137238]
Event: 34.695 Thread 0x0000029e6eac5000 3846       1       com.sun.javafx.tk.quantum.ViewScene::getPlatformView (5 bytes)
Event: 34.695 Thread 0x0000029e6eac5000 nmethod 3846 0x0000029e55031890 code [0x0000029e55031a20, 0x0000029e55031b38]

GC Heap History (6 events):
Event: 1.085 GC heap before
{Heap before GC invocations=0 (full 0):
 garbage-first heap   total 391168K, used 23552K [0x0000000682600000, 0x0000000800000000)
  region size 1024K, 24 young (24576K), 0 survivors (0K)
 Metaspace       used 12422K, capacity 12795K, committed 12928K, reserved 1060864K
  class space    used 1252K, capacity 1377K, committed 1408K, reserved 1048576K
}
Event: 1.089 GC heap after
{Heap after GC invocations=1 (full 0):
 garbage-first heap   total 391168K, used 3620K [0x0000000682600000, 0x0000000800000000)
  region size 1024K, 3 young (3072K), 3 survivors (3072K)
 Metaspace       used 12422K, capacity 12795K, committed 12928K, reserved 1060864K
  class space    used 1252K, capacity 1377K, committed 1408K, reserved 1048576K
}
Event: 1.927 GC heap before
{Heap before GC invocations=1 (full 0):
 garbage-first heap   total 391168K, used 35364K [0x0000000682600000, 0x0000000800000000)
  region size 1024K, 33 young (33792K), 3 survivors (3072K)
 Metaspace       used 20618K, capacity 21236K, committed 21248K, reserved 1067008K
  class space    used 2541K, capacity 2804K, committed 2816K, reserved 1048576K
}
Event: 1.934 GC heap after
{Heap after GC invocations=2 (full 0):
 garbage-first heap   total 391168K, used 9792K [0x0000000682600000, 0x0000000800000000)
  region size 1024K, 8 young (8192K), 8 survivors (8192K)
 Metaspace       used 20618K, capacity 21236K, committed 21248K, reserved 1067008K
  class space    used 2541K, capacity 2804K, committed 2816K, reserved 1048576K
}
Event: 6.663 GC heap before
{Heap before GC invocations=3 (full 0):
 garbage-first heap   total 391168K, used 65088K [0x0000000682600000, 0x0000000800000000)
  region size 1024K, 49 young (50176K), 8 survivors (8192K)
 Metaspace       used 26546K, capacity 27483K, committed 27644K, reserved 1073152K
  class space    used 3401K, capacity 3787K, committed 3836K, reserved 1048576K
}
Event: 6.674 GC heap after
{Heap after GC invocations=4 (full 0):
 garbage-first heap   total 391168K, used 32554K [0x0000000682600000, 0x0000000800000000)
  region size 1024K, 7 young (7168K), 7 survivors (7168K)
 Metaspace       used 26546K, capacity 27483K, committed 27644K, reserved 1073152K
  class space    used 3401K, capacity 3787K, committed 3836K, reserved 1048576K
}

Deoptimization events (10 events):
Event: 33.338 Thread 0x0000029e6f622800 Uncommon trap: reason=class_check action=maybe_recompile pc=0x0000029e54fd86e4 method=com.sun.javafx.css.StyleMap.getCascadingStyles()Ljava/util/Map; @ 77 c2
Event: 33.338 Thread 0x0000029e6f622800 Uncommon trap: reason=class_check action=maybe_recompile pc=0x0000029e54fe1580 method=javafx.scene.CssStyleHelper.getStyle(Ljavafx/css/Styleable;Ljava/lang/String;Lcom/sun/javafx/css/StyleMap;Ljava/util/Set;)Lcom/sun/javafx/css/CascadingStyle; @ 140 c2
Event: 33.338 Thread 0x0000029e6f622800 Uncommon trap: reason=class_check action=maybe_recompile pc=0x0000029e54fe1580 method=javafx.scene.CssStyleHelper.getStyle(Ljavafx/css/Styleable;Ljava/lang/String;Lcom/sun/javafx/css/StyleMap;Ljava/util/Set;)Lcom/sun/javafx/css/CascadingStyle; @ 140 c2
Event: 33.338 Thread 0x0000029e6f622800 Uncommon trap: reason=class_check action=maybe_recompile pc=0x0000029e54fe1580 method=javafx.scene.CssStyleHelper.getStyle(Ljavafx/css/Styleable;Ljava/lang/String;Lcom/sun/javafx/css/StyleMap;Ljava/util/Set;)Lcom/sun/javafx/css/CascadingStyle; @ 140 c2
Event: 33.338 Thread 0x0000029e6f622800 Uncommon trap: reason=class_check action=maybe_recompile pc=0x0000029e54fd86e4 method=com.sun.javafx.css.StyleMap.getCascadingStyles()Ljava/util/Map; @ 77 c2
Event: 33.338 Thread 0x0000029e6f622800 Uncommon trap: reason=class_check action=maybe_recompile pc=0x0000029e54fe1580 method=javafx.scene.CssStyleHelper.getStyle(Ljavafx/css/Styleable;Ljava/lang/String;Lcom/sun/javafx/css/StyleMap;Ljava/util/Set;)Lcom/sun/javafx/css/CascadingStyle; @ 140 c2
Event: 33.338 Thread 0x0000029e6f622800 Uncommon trap: reason=unstable_if action=reinterpret pc=0x0000029e54ff2ed0 method=javafx.scene.CssStyleHelper.lookup(Ljavafx/css/Styleable;Ljavafx/css/CssMetaData;Lcom/sun/javafx/css/StyleMap;Ljava/util/Set;Ljavafx/css/Styleable;Lcom/sun/javafx/css/Calcul
Event: 33.340 Thread 0x0000029e6f622800 Uncommon trap: reason=class_check action=maybe_recompile pc=0x0000029e54fd86e4 method=com.sun.javafx.css.StyleMap.getCascadingStyles()Ljava/util/Map; @ 77 c2
Event: 33.340 Thread 0x0000029e6f622800 Uncommon trap: reason=class_check action=maybe_recompile pc=0x0000029e54fd86e4 method=com.sun.javafx.css.StyleMap.getCascadingStyles()Ljava/util/Map; @ 77 c2
Event: 33.345 Thread 0x0000029e6f622800 Uncommon trap: reason=unstable_if action=reinterpret pc=0x0000029e5502288c method=java.lang.StrictMath.floorOrCeil(DDDD)D @ 24 c2

Classes redefined (0 events):
No events

Internal exceptions (10 events):
Event: 5.526 Thread 0x0000029e6f622800 Exception <a 'java/lang/NoSuchMethodError'{0x00000006974b3538}: java.lang.invoke.DirectMethodHandle$Holder.invokeStatic(Ljava/lang/Object;Ljava/lang/Object;Ljava/lang/Object;Ljava/lang/Object;Ljava/lang/Object;Ljava/lang/Object;Ljava/lang/Object;Ljava/lan
Event: 6.581 Thread 0x0000029e6f622800 Exception <a 'java/lang/NoSuchMethodError'{0x00000006973dab30}: java.lang.invoke.DirectMethodHandle$Holder.invokeStaticInit(Ljava/lang/Object;Ljava/lang/Object;Ljava/lang/Object;)J> (0x00000006973dab30) thrown at [./open/src/hotspot/share/interpreter/link
Event: 6.587 Thread 0x0000029e6f622800 Exception <a 'java/lang/NoSuchMethodError'{0x00000006973f3640}: java.lang.invoke.DirectMethodHandle$Holder.invokeStatic(Ljava/lang/Object;Ljava/lang/Object;J)Ljava/lang/Object;> (0x00000006973f3640) thrown at [./open/src/hotspot/share/interpreter/linkReso
Event: 6.588 Thread 0x0000029e6f622800 Exception <a 'java/lang/NoSuchMethodError'{0x00000006973f97b8}: java.lang.invoke.Invokers$Holder.linkToTargetMethod(Ljava/lang/Object;JLjava/lang/Object;)Ljava/lang/Object;> (0x00000006973f97b8) thrown at [./open/src/hotspot/share/interpreter/linkResolver
Event: 8.481 Thread 0x0000029e6f622800 Exception <a 'java/io/FileNotFoundException'{0x000000069a27aef0}> (0x000000069a27aef0) thrown at [./open/src/hotspot/share/prims/jni.cpp, line 611]
Event: 14.753 Thread 0x0000029e6f622800 Exception <a 'java/lang/ClassNotFoundException'{0x000000069a0602a0}: sun/awt/resources/spi/awtProvider> (0x000000069a0602a0) thrown at [./open/src/hotspot/share/classfile/systemDictionary.cpp, line 228]
Event: 14.757 Thread 0x0000029e6f622800 Exception <a 'java/io/FileNotFoundException'{0x000000069a065a28}> (0x000000069a065a28) thrown at [./open/src/hotspot/share/prims/jni.cpp, line 611]
Event: 14.757 Thread 0x0000029e6f622800 Exception <a 'java/io/FileNotFoundException'{0x000000069a06c578}> (0x000000069a06c578) thrown at [./open/src/hotspot/share/prims/jni.cpp, line 611]
Event: 32.374 Thread 0x0000029e6f622800 Exception <a 'java/io/FileNotFoundException'{0x0000000699e30778}> (0x0000000699e30778) thrown at [./open/src/hotspot/share/prims/jni.cpp, line 611]
Event: 34.679 Thread 0x0000029e6f622800 Exception <a 'java/lang/IllegalArgumentException'{0x0000000699b13688}> (0x0000000699b13688) thrown at [./open/src/hotspot/share/prims/jvm.cpp, line 1300]

Events (10 events):
Event: 34.625 loading class javafx/application/Application
Event: 34.625 loading class javafx/application/Application done
Event: 34.625 loading class javafx/application/Application
Event: 34.625 loading class javafx/application/Application done
Event: 34.679 loading class java/lang/Throwable$WrappedPrintStream
Event: 34.680 loading class java/lang/Throwable$PrintStreamOrWriter
Event: 34.680 loading class java/lang/Throwable$PrintStreamOrWriter done
Event: 34.680 loading class java/lang/Throwable$WrappedPrintStream done
Event: 34.680 loading class java/lang/StackTraceElement$HashedModules
Event: 34.680 loading class java/lang/StackTraceElement$HashedModules done


Dynamic libraries:
0x00007ff70d9d0000 - 0x00007ff70d9df000 	C:\Program Files\Java\jdk-11.0.8\bin\java.exe
0x00007ffd03110000 - 0x00007ffd03305000 	C:\Windows\SYSTEM32\ntdll.dll
0x00007ffd02c40000 - 0x00007ffd02cfe000 	C:\Windows\System32\KERNEL32.DLL
0x00007ffd00af0000 - 0x00007ffd00db8000 	C:\Windows\System32\KERNELBASE.dll
0x00007ffd00920000 - 0x00007ffd00a20000 	C:\Windows\System32\ucrtbase.dll
0x00007ffcfe020000 - 0x00007ffcfe038000 	C:\Program Files\Java\jdk-11.0.8\bin\jli.dll
0x00007ffcfc390000 - 0x00007ffcfc3a5000 	C:\Program Files\Java\jdk-11.0.8\bin\VCRUNTIME140.dll
0x00007ffd01820000 - 0x00007ffd018ce000 	C:\Windows\System32\ADVAPI32.dll
0x00007ffd02f60000 - 0x00007ffd02ffe000 	C:\Windows\System32\msvcrt.dll
0x00007ffd01a10000 - 0x00007ffd01aac000 	C:\Windows\System32\sechost.dll
0x00007ffd02b10000 - 0x00007ffd02c35000 	C:\Windows\System32\RPCRT4.dll
0x00007ffd014f0000 - 0x00007ffd01690000 	C:\Windows\System32\USER32.dll
0x00007ffd00a20000 - 0x00007ffd00a42000 	C:\Windows\System32\win32u.dll
0x00007ffd01180000 - 0x00007ffd011ab000 	C:\Windows\System32\GDI32.dll
0x00007ffcde1c0000 - 0x00007ffcde45a000 	C:\Windows\WinSxS\amd64_microsoft.windows.common-controls_6595b64144ccf1df_6.0.19041.1110_none_60b5254171f9507e\COMCTL32.dll
0x00007ffd00ef0000 - 0x00007ffd00ffd000 	C:\Windows\System32\gdi32full.dll
0x00007ffd00a50000 - 0x00007ffd00aed000 	C:\Windows\System32\msvcp_win.dll
0x00007ffcf6b10000 - 0x00007ffcf6b1a000 	C:\Windows\SYSTEM32\VERSION.dll
0x00007ffd013a0000 - 0x00007ffd013d0000 	C:\Windows\System32\IMM32.DLL
0x00007ffcfb520000 - 0x00007ffcfb5bb000 	C:\Program Files\Java\jdk-11.0.8\bin\msvcp140.dll
0x00007ffca8200000 - 0x00007ffca8ce6000 	C:\Program Files\Java\jdk-11.0.8\bin\server\jvm.dll
0x00007ffd018d0000 - 0x00007ffd018d8000 	C:\Windows\System32\PSAPI.DLL
0x00007ffcfe010000 - 0x00007ffcfe019000 	C:\Windows\SYSTEM32\WSOCK32.dll
0x00007ffcda140000 - 0x00007ffcda167000 	C:\Windows\SYSTEM32\WINMM.dll
0x00007ffd013d0000 - 0x00007ffd0143b000 	C:\Windows\System32\WS2_32.dll
0x00007ffcfe710000 - 0x00007ffcfe722000 	C:\Windows\SYSTEM32\kernel.appcore.dll
0x00007ffcfc340000 - 0x00007ffcfc350000 	C:\Program Files\Java\jdk-11.0.8\bin\verify.dll
0x00007ffcf1a20000 - 0x00007ffcf1c04000 	C:\Windows\SYSTEM32\DBGHELP.DLL
0x00007ffcf19b0000 - 0x00007ffcf19dc000 	C:\Windows\SYSTEM32\dbgcore.DLL
0x00007ffd00e60000 - 0x00007ffd00ee2000 	C:\Windows\System32\bcryptPrimitives.dll
0x00007ffcfb610000 - 0x00007ffcfb638000 	C:\Program Files\Java\jdk-11.0.8\bin\java.dll
0x00007ffcfc2e0000 - 0x00007ffcfc2ea000 	C:\Program Files\Java\jdk-11.0.8\bin\jimage.dll
0x00007ffcfb4b0000 - 0x00007ffcfb4be000 	C:\Program Files\Java\jdk-11.0.8\bin\instrument.dll
0x00007ffcfb5f0000 - 0x00007ffcfb606000 	C:\Program Files\Java\jdk-11.0.8\bin\zip.dll
0x00007ffd01f30000 - 0x00007ffd02674000 	C:\Windows\System32\SHELL32.dll
0x00007ffcfe910000 - 0x00007ffcff0a4000 	C:\Windows\SYSTEM32\windows.storage.dll
0x00007ffd02680000 - 0x00007ffd029d5000 	C:\Windows\System32\combase.dll
0x00007ffd00270000 - 0x00007ffd0029e000 	C:\Windows\SYSTEM32\Wldp.dll
0x00007ffd02d00000 - 0x00007ffd02dad000 	C:\Windows\System32\SHCORE.dll
0x00007ffd017c0000 - 0x00007ffd01815000 	C:\Windows\System32\shlwapi.dll
0x00007ffd00760000 - 0x00007ffd0077f000 	C:\Windows\SYSTEM32\profapi.dll
0x00007ffcfb4e0000 - 0x00007ffcfb4f9000 	C:\Program Files\Java\jdk-11.0.8\bin\net.dll
0x00007ffcf7650000 - 0x00007ffcf775c000 	C:\Windows\SYSTEM32\WINHTTP.dll
0x00007ffcfff60000 - 0x00007ffcfffca000 	C:\Windows\system32\mswsock.dll
0x00007ffcfb4c0000 - 0x00007ffcfb4d2000 	C:\Program Files\Java\jdk-11.0.8\bin\nio.dll
0x00007ffcd6170000 - 0x00007ffcd618a000 	D:\programs\JetBrains IntelliJ IDEA 2022.2.1 Windows\IntelliJ IDEA 2022.2.1\bin\breakgen64.dll
0x0000029e70610000 - 0x0000029e70613000 	C:\Users\Lotus\.openjfx\cache\17.0.2-ea\api-ms-win-core-console-l1-1-0.dll
0x0000029e70620000 - 0x0000029e70623000 	C:\Users\Lotus\.openjfx\cache\17.0.2-ea\api-ms-win-core-console-l1-2-0.dll
0x0000029e70630000 - 0x0000029e70633000 	C:\Users\Lotus\.openjfx\cache\17.0.2-ea\api-ms-win-core-datetime-l1-1-0.dll
0x0000029e70640000 - 0x0000029e70643000 	C:\Users\Lotus\.openjfx\cache\17.0.2-ea\api-ms-win-core-debug-l1-1-0.dll
0x0000029e70650000 - 0x0000029e70653000 	C:\Users\Lotus\.openjfx\cache\17.0.2-ea\api-ms-win-core-errorhandling-l1-1-0.dll
0x0000029e70660000 - 0x0000029e70664000 	C:\Users\Lotus\.openjfx\cache\17.0.2-ea\api-ms-win-core-file-l1-1-0.dll
0x0000029e70670000 - 0x0000029e70673000 	C:\Users\Lotus\.openjfx\cache\17.0.2-ea\api-ms-win-core-file-l1-2-0.dll
0x0000029e70880000 - 0x0000029e70883000 	C:\Users\Lotus\.openjfx\cache\17.0.2-ea\api-ms-win-core-file-l2-1-0.dll
0x0000029e70890000 - 0x0000029e70893000 	C:\Users\Lotus\.openjfx\cache\17.0.2-ea\api-ms-win-core-handle-l1-1-0.dll
0x0000029e708a0000 - 0x0000029e708a3000 	C:\Users\Lotus\.openjfx\cache\17.0.2-ea\api-ms-win-core-heap-l1-1-0.dll
0x0000029e708b0000 - 0x0000029e708b3000 	C:\Users\Lotus\.openjfx\cache\17.0.2-ea\api-ms-win-core-interlocked-l1-1-0.dll
0x0000029e708c0000 - 0x0000029e708c3000 	C:\Users\Lotus\.openjfx\cache\17.0.2-ea\api-ms-win-core-libraryloader-l1-1-0.dll
0x0000029e708d0000 - 0x0000029e708d3000 	C:\Users\Lotus\.openjfx\cache\17.0.2-ea\api-ms-win-core-localization-l1-2-0.dll
0x0000029e708e0000 - 0x0000029e708e3000 	C:\Users\Lotus\.openjfx\cache\17.0.2-ea\api-ms-win-core-memory-l1-1-0.dll
0x0000029e708f0000 - 0x0000029e708f3000 	C:\Users\Lotus\.openjfx\cache\17.0.2-ea\api-ms-win-core-namedpipe-l1-1-0.dll
0x0000029e70900000 - 0x0000029e70903000 	C:\Users\Lotus\.openjfx\cache\17.0.2-ea\api-ms-win-core-processenvironment-l1-1-0.dll
0x0000029e70910000 - 0x0000029e70913000 	C:\Users\Lotus\.openjfx\cache\17.0.2-ea\api-ms-win-core-processthreads-l1-1-0.dll
0x0000029e70920000 - 0x0000029e70923000 	C:\Users\Lotus\.openjfx\cache\17.0.2-ea\api-ms-win-core-processthreads-l1-1-1.dll
0x0000029e70930000 - 0x0000029e70933000 	C:\Users\Lotus\.openjfx\cache\17.0.2-ea\api-ms-win-core-profile-l1-1-0.dll
0x0000029e70940000 - 0x0000029e70943000 	C:\Users\Lotus\.openjfx\cache\17.0.2-ea\api-ms-win-core-rtlsupport-l1-1-0.dll
0x0000029e70950000 - 0x0000029e70953000 	C:\Users\Lotus\.openjfx\cache\17.0.2-ea\api-ms-win-core-string-l1-1-0.dll
0x0000029e70960000 - 0x0000029e70963000 	C:\Users\Lotus\.openjfx\cache\17.0.2-ea\api-ms-win-core-synch-l1-1-0.dll
0x0000029e70970000 - 0x0000029e70973000 	C:\Users\Lotus\.openjfx\cache\17.0.2-ea\api-ms-win-core-synch-l1-2-0.dll
0x0000029e70980000 - 0x0000029e70983000 	C:\Users\Lotus\.openjfx\cache\17.0.2-ea\api-ms-win-core-sysinfo-l1-1-0.dll
0x0000029e70990000 - 0x0000029e70993000 	C:\Users\Lotus\.openjfx\cache\17.0.2-ea\api-ms-win-core-timezone-l1-1-0.dll
0x0000029e709a0000 - 0x0000029e709a3000 	C:\Users\Lotus\.openjfx\cache\17.0.2-ea\api-ms-win-core-util-l1-1-0.dll
0x0000029e709b0000 - 0x0000029e709b3000 	C:\Users\Lotus\.openjfx\cache\17.0.2-ea\api-ms-win-crt-conio-l1-1-0.dll
0x0000029e709c0000 - 0x0000029e709c4000 	C:\Users\Lotus\.openjfx\cache\17.0.2-ea\api-ms-win-crt-convert-l1-1-0.dll
0x0000029e709d0000 - 0x0000029e709d3000 	C:\Users\Lotus\.openjfx\cache\17.0.2-ea\api-ms-win-crt-environment-l1-1-0.dll
0x0000029e709e0000 - 0x0000029e709e3000 	C:\Users\Lotus\.openjfx\cache\17.0.2-ea\api-ms-win-crt-filesystem-l1-1-0.dll
0x0000029e709f0000 - 0x0000029e709f3000 	C:\Users\Lotus\.openjfx\cache\17.0.2-ea\api-ms-win-crt-heap-l1-1-0.dll
0x0000029e70a00000 - 0x0000029e70a03000 	C:\Users\Lotus\.openjfx\cache\17.0.2-ea\api-ms-win-crt-locale-l1-1-0.dll
0x0000029e70a10000 - 0x0000029e70a15000 	C:\Users\Lotus\.openjfx\cache\17.0.2-ea\api-ms-win-crt-math-l1-1-0.dll
0x0000029e70a20000 - 0x0000029e70a25000 	C:\Users\Lotus\.openjfx\cache\17.0.2-ea\api-ms-win-crt-multibyte-l1-1-0.dll
0x0000029e70a30000 - 0x0000029e70a40000 	C:\Users\Lotus\.openjfx\cache\17.0.2-ea\api-ms-win-crt-private-l1-1-0.dll
0x0000029e70a40000 - 0x0000029e70a43000 	C:\Users\Lotus\.openjfx\cache\17.0.2-ea\api-ms-win-crt-process-l1-1-0.dll
0x0000029e70a50000 - 0x0000029e70a54000 	C:\Users\Lotus\.openjfx\cache\17.0.2-ea\api-ms-win-crt-runtime-l1-1-0.dll
0x0000029e70a60000 - 0x0000029e70a64000 	C:\Users\Lotus\.openjfx\cache\17.0.2-ea\api-ms-win-crt-stdio-l1-1-0.dll
0x0000029e70a70000 - 0x0000029e70a74000 	C:\Users\Lotus\.openjfx\cache\17.0.2-ea\api-ms-win-crt-string-l1-1-0.dll
0x0000029e70a80000 - 0x0000029e70a83000 	C:\Users\Lotus\.openjfx\cache\17.0.2-ea\api-ms-win-crt-time-l1-1-0.dll
0x0000029e70a90000 - 0x0000029e70a93000 	C:\Users\Lotus\.openjfx\cache\17.0.2-ea\api-ms-win-crt-utility-l1-1-0.dll
0x00007ffc9ba10000 - 0x00007ffc9bb0c000 	C:\Users\Lotus\.openjfx\cache\17.0.2-ea\ucrtbase.dll
0x00007ffcd5fc0000 - 0x00007ffcd5fda000 	C:\Users\Lotus\.openjfx\cache\17.0.2-ea\vcruntime140.dll
0x00007ffcfb3d0000 - 0x00007ffcfb3dc000 	C:\Users\Lotus\.openjfx\cache\17.0.2-ea\vcruntime140_1.dll
0x00007ffc9d200000 - 0x00007ffc9d28d000 	C:\Users\Lotus\.openjfx\cache\17.0.2-ea\msvcp140.dll
0x00007ffcc57c0000 - 0x00007ffcc57ea000 	C:\Users\Lotus\.openjfx\cache\17.0.2-ea\prism_d3d.dll
0x00007ffcd0590000 - 0x00007ffcd0760000 	C:\Windows\system32\d3d9.dll
0x00007ffcfe420000 - 0x00007ffcfe44f000 	C:\Windows\SYSTEM32\dwmapi.dll
0x00007ffcfe230000 - 0x00007ffcfe2ce000 	C:\Windows\system32\uxtheme.dll
0x00007ffc97400000 - 0x00007ffc975c1000 	C:\Windows\System32\DriverStore\FileRepository\iigd_dch.inf_amd64_c4750617475dbc36\igdumdim64.dll
0x00007ffcf47b0000 - 0x00007ffcf48ca000 	C:\Windows\System32\DriverStore\FileRepository\iigd_dch.inf_amd64_c4750617475dbc36\igdgmm64.dll
0x00007ffc68560000 - 0x00007ffc6bee2000 	C:\Windows\System32\DriverStore\FileRepository\iigd_dch.inf_amd64_c4750617475dbc36\igd9dxva64.dll
0x00007ffd029e0000 - 0x00007ffd02b0a000 	C:\Windows\System32\OLE32.dll
0x00007ffd01690000 - 0x00007ffd0175d000 	C:\Windows\System32\OLEAUT32.dll
0x00007ffc9d1b0000 - 0x00007ffc9d1f2000 	C:\Users\Lotus\.openjfx\cache\17.0.2-ea\glass.dll
0x00007ffd01240000 - 0x00007ffd0131a000 	C:\Windows\System32\COMDLG32.dll
0x00007ffd018f0000 - 0x00007ffd01a06000 	C:\Windows\System32\MSCTF.dll
0x00007ffcdcb20000 - 0x00007ffcdcb41000 	C:\Windows\System32\DriverStore\FileRepository\iigd_dch.inf_amd64_c4750617475dbc36\igdinfo64.dll
0x00007ffcf25b0000 - 0x00007ffcf4575000 	C:\Windows\System32\DriverStore\FileRepository\iigd_dch.inf_amd64_c4750617475dbc36\igc64.dll
0x00007ffcf6b60000 - 0x00007ffcf6b9b000 	C:\Windows\SYSTEM32\dxcore.dll
0x00007ffd008d0000 - 0x00007ffd0091e000 	C:\Windows\System32\cfgmgr32.dll
0x00007ffcd4480000 - 0x00007ffcd4494000 	C:\Users\Lotus\.openjfx\cache\17.0.2-ea\javafx_font.dll
0x00007ffce1a60000 - 0x00007ffce1ce3000 	C:\Windows\SYSTEM32\dwrite.dll
0x00007ffd01440000 - 0x00007ffd014e9000 	C:\Windows\System32\clbcatq.dll
0x00007ffcf9dc0000 - 0x00007ffcf9f74000 	C:\Windows\SYSTEM32\WindowsCodecs.dll
0x00007ffd00dc0000 - 0x00007ffd00de7000 	C:\Windows\System32\bcrypt.dll
0x00007ffcd0c80000 - 0x00007ffcd0cbe000 	C:\Windows\system32\dataexchange.dll
0x00007ffcfcc30000 - 0x00007ffcfce94000 	C:\Windows\system32\d3d11.dll
0x00007ffcfd460000 - 0x00007ffcfd645000 	C:\Windows\system32\dcomp.dll
0x00007ffcff110000 - 0x00007ffcff204000 	C:\Windows\system32\dxgi.dll
0x00007ffcfa400000 - 0x00007ffcfa601000 	C:\Windows\system32\twinapi.appcore.dll
0x00007ffcaa5b0000 - 0x00007ffcaa5e4000 	C:\Program Files\Common Files\Microsoft Shared\Ink\rtscom.dll
0x00007ffcf1210000 - 0x00007ffcf1309000 	C:\Windows\SYSTEM32\textinputframework.dll
0x00007ffcfd9d0000 - 0x00007ffcfdd2e000 	C:\Windows\System32\CoreUIComponents.dll
0x00007ffcfdd30000 - 0x00007ffcfde22000 	C:\Windows\System32\CoreMessaging.dll
0x00007ffcfc670000 - 0x00007ffcfc7c4000 	C:\Windows\SYSTEM32\wintypes.dll
0x00007ffcff510000 - 0x00007ffcff543000 	C:\Windows\SYSTEM32\ntmarta.dll
0x00007ffcaa650000 - 0x00007ffcaa67d000 	C:\Users\Lotus\.openjfx\cache\17.0.2-ea\javafx_iio.dll
0x00007ffc97af0000 - 0x00007ffc97c8a000 	C:\Program Files\Java\jdk-11.0.8\bin\awt.dll
0x00007ffcfe050000 - 0x00007ffcfe0e0000 	C:\Windows\SYSTEM32\apphelp.dll
0x00007ffcfc510000 - 0x00007ffcfc524000 	C:\Windows\system32\Wtsapi32.dll
0x00007ffcffac0000 - 0x00007ffcffb1a000 	C:\Windows\SYSTEM32\WINSTA.dll

dbghelp: loaded successfully - version: 4.0.5 - missing functions: none
symbol engine: initialized successfully - sym options: 0x614 - pdb path: .;C:\Program Files\Java\jdk-11.0.8\bin;C:\Windows\SYSTEM32;C:\Windows\WinSxS\amd64_microsoft.windows.common-controls_6595b64144ccf1df_6.0.19041.1110_none_60b5254171f9507e;C:\Program Files\Java\jdk-11.0.8\bin\server;D:\programs\JetBrains IntelliJ IDEA 2022.2.1 Windows\IntelliJ IDEA 2022.2.1\bin;C:\Users\Lotus\.openjfx\cache\17.0.2-ea;C:\Windows\System32\DriverStore\FileRepository\iigd_dch.inf_amd64_c4750617475dbc36;C:\Program Files\Common Files\Microsoft Shared\Ink

VM Arguments:
jvm_args: -javaagent:D:\programs\JetBrains IntelliJ IDEA 2022.2.1 Windows\IntelliJ IDEA 2022.2.1\lib\idea_rt.jar=8040:D:\programs\JetBrains IntelliJ IDEA 2022.2.1 Windows\IntelliJ IDEA 2022.2.1\bin -Dfile.encoding=UTF-8 --module-path=C:\Users\Lotus\.m2\repository\org\openjfx\javafx-media\16\javafx-media-16-win.jar;C:\Users\Lotus\.m2\repository\com\google\code\gson\gson\2.10.1\gson-2.10.1.jar;C:\Users\Lotus\.m2\repository\org\openjfx\javafx-fxml\17.0.2\javafx-fxml-17.0.2-win.jar;D:\IntelliJ\APPafinal\target\classes;C:\Users\Lotus\.m2\repository\org\openjfx\javafx-graphics\17.0.2\javafx-graphics-17.0.2-win.jar;C:\Users\Lotus\.m2\repository\org\openjfx\javafx-controls\17.0.2\javafx-controls-17.0.2-win.jar;C:\Users\Lotus\.m2\repository\com\googlecode\json-simple\json-simple\1.1\json-simple-1.1.jar;C:\Users\Lotus\.m2\repository\org\openjfx\javafx-base\17.0.2\javafx-base-17.0.2-win.jar -Djdk.module.main=APP 
java_command: APP/view.LoginMenu
java_class_path (initial): C:\Users\Lotus\.m2\repository\org\json\json\20190722\json-20190722.jar;C:\Users\Lotus\.m2\repository\org\openjfx\javafx-controls\17.0.2\javafx-controls-17.0.2.jar;C:\Users\Lotus\.m2\repository\org\openjfx\javafx-graphics\17.0.2\javafx-graphics-17.0.2.jar;C:\Users\Lotus\.m2\repository\org\openjfx\javafx-base\17.0.2\javafx-base-17.0.2.jar;C:\Users\Lotus\.m2\repository\org\openjfx\javafx-fxml\17.0.2\javafx-fxml-17.0.2.jar;C:\Users\Lotus\.m2\repository\org\openjfx\javafx-media\16\javafx-media-16.jar;C:\Users\Lotus\.m2\repository\commons-io\commons-io\2.11.0\commons-io-2.11.0.jar;C:\Users\Lotus\.m2\repository\com\fasterxml\jackson\core\jackson-databind\2.11.2\jackson-databind-2.11.2.jar;C:\Users\Lotus\.m2\repository\com\fasterxml\jackson\core\jackson-annotations\2.11.2\jackson-annotations-2.11.2.jar;C:\Users\Lotus\.m2\repository\com\fasterxml\jackson\core\jackson-core\2.11.2\jackson-core-2.11.2.jar;C:\Users\Lotus\.m2\repository\org\jetbrains\annotations\16.0.1\annotations-16.0.1.jar;C:\Users\Lotus\.m2\repository\junit\junit\4.13.2\junit-4.13.2.jar;C:\Users\Lotus\.m2\repository\org\hamcrest\hamcrest-core\1.3\hamcrest-core-1.3.jar
Launcher Type: SUN_STANDARD

[Global flags]
     intx CICompilerCount                          = 4                                         {product} {ergonomic}
     uint ConcGCThreads                            = 3                                         {product} {ergonomic}
     uint G1ConcRefinementThreads                  = 10                                        {product} {ergonomic}
   size_t G1HeapRegionSize                         = 1048576                                   {product} {ergonomic}
    uintx GCDrainStackTargetSize                   = 64                                        {product} {ergonomic}
   size_t InitialHeapSize                          = 400556032                                 {product} {ergonomic}
   size_t MarkStackSize                            = 4194304                                   {product} {ergonomic}
   size_t MaxHeapSize                              = 6402605056                                {product} {ergonomic}
   size_t MaxNewSize                               = 3840933888                                {product} {ergonomic}
   size_t MinHeapDeltaBytes                        = 1048576                                   {product} {ergonomic}
    uintx NonNMethodCodeHeapSize                   = 5836300                                {pd product} {ergonomic}
    uintx NonProfiledCodeHeapSize                  = 122910970                              {pd product} {ergonomic}
    uintx ProfiledCodeHeapSize                     = 122910970                              {pd product} {ergonomic}
    uintx ReservedCodeCacheSize                    = 251658240                              {pd product} {ergonomic}
     bool SegmentedCodeCache                       = true                                      {product} {ergonomic}
     bool UseCompressedClassPointers               = true                                 {lp64_product} {ergonomic}
     bool UseCompressedOops                        = true                                 {lp64_product} {ergonomic}
     bool UseG1GC                                  = true                                      {product} {ergonomic}
     bool UseLargePagesIndividualAllocation        = false                                  {pd product} {ergonomic}

Logging:
Log output configuration:
 #0: stdout all=warning uptime,level,tags
 #1: stderr all=off uptime,level,tags

Environment Variables:
JAVA_HOME=C:\Users\Lotus\.jdks
PATH=C:\Program Files\Common Files\Oracle\Java\javapath;C:\Program Files (x86)\Common Files\Oracle\Java\javapath;E:\VMware.Workstation.Pro.16.2.4\bin\;C:\Windows\system32;C:\Windows;C:\Windows\System32\Wbem;C:\Windows\System32\WindowsPowerShell\v1.0\;C:\Windows\System32\OpenSSH\;C:\Program Files\NVIDIA Corporation\NVIDIA NGX;C:\Program Files (x86)\NVIDIA Corporation\PhysX\Common;C:\Program Files\Git\cmd;D:\sdk\javafx-sdk-20.0.1\lib;C:\Users\Lotus\AppData\Local\Microsoft\WindowsApps;C:\texlive\2022\bin\win32;D:\programs\JetBrains IntelliJ IDEA 2022.2.1 Windows\IntelliJ IDEA 2022.2.1\bin;
USERNAME=Lotus
OS=Windows_NT
PROCESSOR_IDENTIFIER=Intel64 Family 6 Model 158 Stepping 10, GenuineIntel



---------------  S Y S T E M  ---------------

OS: Windows 10 , 64 bit Build 19041 (10.0.19041.1503)

CPU:total 12 (initial active 12) (6 cores per cpu, 2 threads per core) family 6 model 158 stepping 10, cmov, cx8, fxsr, mmx, sse, sse2, sse3, ssse3, sse4.1, sse4.2, popcnt, avx, avx2, aes, clmul, erms, 3dnowpref, lzcnt, ht, tsc, tscinvbit, bmi1, bmi2, adx, fma

Memory: 4k page, system-wide physical 24418M (13133M free)
TotalPageFile size 28002M (AvailPageFile size 14183M)
current process WorkingSet (physical memory assigned to process): 307M, peak: 316M
current process commit charge ("private bytes"): 644M, peak: 654M

vm_info: Java HotSpot(TM) 64-Bit Server VM (11.0.8+10-LTS) for windows-amd64 JRE (11.0.8+10-LTS), built on Jun 16 2020 05:53:08 by "mach5one" with unknown MS VC++:1916

END.
